<?xml version="1.0" encoding="UTF-8"?>
<testsuite xmlns:xsi="http://www.w3.org/2001/XMLSchema-instance" xsi:noNamespaceSchemaLocation="https://maven.apache.org/surefire/maven-surefire-plugin/xsd/surefire-test-report-3.0.xsd" version="3.0" name="com.example.user_management_backend.UserManagementBackEndApplicationTests" time="23.602" tests="1" errors="0" skipped="0" failures="0">
  <properties>
[...]
</properties>
  <testcase name="contextLoads" classname="com.example.user_management_backend.UserManagementBackEndApplicationTests" time="0.961">
    <system-out><![CDATA[18:12:54.717 [main] INFO org.springframework.test.context.support.AnnotationConfigContextLoaderUtils -- Could not detect default configuration classes for test class [com.example.user_management_backend.UserManagementBackEndApplicationTests]: UserManagementBackEndApplicationTests does not declare any static, non-private, non-final, nested classes annotated with @Configuration.
18:12:55.168 [main] INFO org.springframework.boot.test.context.SpringBootTestContextBootstrapper -- Found @SpringBootConfiguration com.example.user_management_backend.UserManagementBackEndApplication for test class com.example.user_management_backend.UserManagementBackEndApplicationTests
18:12:55.565 [main] INFO org.springframework.boot.devtools.restart.RestartApplicationListener -- Restart disabled due to context in which it is running

  .   ____          _            __ _ _
 /\\ / ___'_ __ _ _(_)_ __  __ _ \ \ \ \
( ( )\___ | '_ | '_| | '_ \/ _` | \ \ \ \
 \\/  ___)| |_)| | | | | || (_| |  ) ) ) )
  '  |____| .__|_| |_|_| |_\__, | / / / /
 =========|_|==============|___/=/_/_/_/

&amp#27;[32m :: Spring Boot :: &amp#27;[39m              &amp#27;[2m (v3.3.8)&amp#27;[0;39m

&amp#27;[2m2025-02-09T18:12:56.226+05:30&amp#27;[0;39m &amp#27;[32m INFO&amp#27;[0;39m &amp#27;[35m21692&amp#27;[0;39m &amp#27;[2m---&amp#27;[0;39m &amp#27;[2m[user-management-back-end] [           main]&amp#27;[0;39m &amp#27;[2m&amp#27;[0;39m&amp#27;[36m.u.UserManagementBackEndApplicationTests&amp#27;[0;39m &amp#27;[2m:&amp#27;[0;39m Starting UserManagementBackEndApplicationTests using Java 21.0.3 with PID 21692 (started by 10822332 in C:\Users\10822332\Downloads\user-management-backend)
&amp#27;[2m2025-02-09T18:12:56.230+05:30&amp#27;[0;39m &amp#27;[32m INFO&amp#27;[0;39m &amp#27;[35m21692&amp#27;[0;39m &amp#27;[2m---&amp#27;[0;39m &amp#27;[2m[user-management-back-end] [           main]&amp#27;[0;39m &amp#27;[2m&amp#27;[0;39m&amp#27;[36m.u.UserManagementBackEndApplicationTests&amp#27;[0;39m &amp#27;[2m:&amp#27;[0;39m No active profile set, falling back to 1 default profile: "default"
&amp#27;[2m2025-02-09T18:12:56.360+05:30&amp#27;[0;39m &amp#27;[32mDEBUG&amp#27;[0;39m &amp#27;[35m21692&amp#27;[0;39m &amp#27;[2m---&amp#27;[0;39m &amp#27;[2m[user-management-back-end] [           main]&amp#27;[0;39m &amp#27;[2m&amp#27;[0;39m&amp#27;[36mo.s.w.c.s.GenericWebApplicationContext  &amp#27;[0;39m &amp#27;[2m:&amp#27;[0;39m Refreshing org.springframework.web.context.support.GenericWebApplicationContext@88a8218
&amp#27;[2m2025-02-09T18:12:58.944+05:30&amp#27;[0;39m &amp#27;[32m INFO&amp#27;[0;39m &amp#27;[35m21692&amp#27;[0;39m &amp#27;[2m---&amp#27;[0;39m &amp#27;[2m[user-management-back-end] [           main]&amp#27;[0;39m &amp#27;[2m&amp#27;[0;39m&amp#27;[36m.s.d.r.c.RepositoryConfigurationDelegate&amp#27;[0;39m &amp#27;[2m:&amp#27;[0;39m Bootstrapping Spring Data JPA repositories in DEFAULT mode.
&amp#27;[2m2025-02-09T18:12:59.267+05:30&amp#27;[0;39m &amp#27;[32m INFO&amp#27;[0;39m &amp#27;[35m21692&amp#27;[0;39m &amp#27;[2m---&amp#27;[0;39m &amp#27;[2m[user-management-back-end] [           main]&amp#27;[0;39m &amp#27;[2m&amp#27;[0;39m&amp#27;[36m.s.d.r.c.RepositoryConfigurationDelegate&amp#27;[0;39m &amp#27;[2m:&amp#27;[0;39m Finished Spring Data repository scanning in 311 ms. Found 2 JPA repository interfaces.
&amp#27;[2m2025-02-09T18:13:02.541+05:30&amp#27;[0;39m &amp#27;[32m INFO&amp#27;[0;39m &amp#27;[35m21692&amp#27;[0;39m &amp#27;[2m---&amp#27;[0;39m &amp#27;[2m[user-management-back-end] [           main]&amp#27;[0;39m &amp#27;[2m&amp#27;[0;39m&amp#27;[36mo.hibernate.jpa.internal.util.LogHelper &amp#27;[0;39m &amp#27;[2m:&amp#27;[0;39m HHH000204: Processing PersistenceUnitInfo [name: default]
&amp#27;[2m2025-02-09T18:13:02.775+05:30&amp#27;[0;39m &amp#27;[32m INFO&amp#27;[0;39m &amp#27;[35m21692&amp#27;[0;39m &amp#27;[2m---&amp#27;[0;39m &amp#27;[2m[user-management-back-end] [           main]&amp#27;[0;39m &amp#27;[2m&amp#27;[0;39m&amp#27;[36morg.hibernate.Version                   &amp#27;[0;39m &amp#27;[2m:&amp#27;[0;39m HHH000412: Hibernate ORM core version 6.5.3.Final
&amp#27;[2m2025-02-09T18:13:02.901+05:30&amp#27;[0;39m &amp#27;[32m INFO&amp#27;[0;39m &amp#27;[35m21692&amp#27;[0;39m &amp#27;[2m---&amp#27;[0;39m &amp#27;[2m[user-management-back-end] [           main]&amp#27;[0;39m &amp#27;[2m&amp#27;[0;39m&amp#27;[36mo.h.c.internal.RegionFactoryInitiator   &amp#27;[0;39m &amp#27;[2m:&amp#27;[0;39m HHH000026: Second-level cache disabled
&amp#27;[2m2025-02-09T18:13:03.172+05:30&amp#27;[0;39m &amp#27;[32mDEBUG&amp#27;[0;39m &amp#27;[35m21692&amp#27;[0;39m &amp#27;[2m---&amp#27;[0;39m &amp#27;[2m[user-management-back-end] [           main]&amp#27;[0;39m &amp#27;[2m&amp#27;[0;39m&amp#27;[36morg.hibernate.type.BasicTypeRegistry    &amp#27;[0;39m &amp#27;[2m:&amp#27;[0;39m Adding type registration boolean -> org.hibernate.type.BasicTypeReference@16029e2f
&amp#27;[2m2025-02-09T18:13:03.173+05:30&amp#27;[0;39m &amp#27;[32mDEBUG&amp#27;[0;39m &amp#27;[35m21692&amp#27;[0;39m &amp#27;[2m---&amp#27;[0;39m &amp#27;[2m[user-management-back-end] [           main]&amp#27;[0;39m &amp#27;[2m&amp#27;[0;39m&amp#27;[36morg.hibernate.type.BasicTypeRegistry    &amp#27;[0;39m &amp#27;[2m:&amp#27;[0;39m Adding type registration boolean -> org.hibernate.type.BasicTypeReference@16029e2f
&amp#27;[2m2025-02-09T18:13:03.173+05:30&amp#27;[0;39m &amp#27;[32mDEBUG&amp#27;[0;39m &amp#27;[35m21692&amp#27;[0;39m &amp#27;[2m---&amp#27;[0;39m &amp#27;[2m[user-management-back-end] [           main]&amp#27;[0;39m &amp#27;[2m&amp#27;[0;39m&amp#27;[36morg.hibernate.type.BasicTypeRegistry    &amp#27;[0;39m &amp#27;[2m:&amp#27;[0;39m Adding type registration java.lang.Boolean -> org.hibernate.type.BasicTypeReference@16029e2f
&amp#27;[2m2025-02-09T18:13:03.173+05:30&amp#27;[0;39m &amp#27;[32mDEBUG&amp#27;[0;39m &amp#27;[35m21692&amp#27;[0;39m &amp#27;[2m---&amp#27;[0;39m &amp#27;[2m[user-management-back-end] [           main]&amp#27;[0;39m &amp#27;[2m&amp#27;[0;39m&amp#27;[36morg.hibernate.type.BasicTypeRegistry    &amp#27;[0;39m &amp#27;[2m:&amp#27;[0;39m Adding type registration numeric_boolean -> org.hibernate.type.BasicTypeReference@3b2db389
&amp#27;[2m2025-02-09T18:13:03.174+05:30&amp#27;[0;39m &amp#27;[32mDEBUG&amp#27;[0;39m &amp#27;[35m21692&amp#27;[0;39m &amp#27;[2m---&amp#27;[0;39m &amp#27;[2m[user-management-back-end] [           main]&amp#27;[0;39m &amp#27;[2m&amp#27;[0;39m&amp#27;[36morg.hibernate.type.BasicTypeRegistry    &amp#27;[0;39m &amp#27;[2m:&amp#27;[0;39m Adding type registration org.hibernate.type.NumericBooleanConverter -> org.hibernate.type.BasicTypeReference@3b2db389
&amp#27;[2m2025-02-09T18:13:03.174+05:30&amp#27;[0;39m &amp#27;[32mDEBUG&amp#27;[0;39m &amp#27;[35m21692&amp#27;[0;39m &amp#27;[2m---&amp#27;[0;39m &amp#27;[2m[user-management-back-end] [           main]&amp#27;[0;39m &amp#27;[2m&amp#27;[0;39m&amp#27;[36morg.hibernate.type.BasicTypeRegistry    &amp#27;[0;39m &amp#27;[2m:&amp#27;[0;39m Adding type registration true_false -> org.hibernate.type.BasicTypeReference@45f1413c
&amp#27;[2m2025-02-09T18:13:03.174+05:30&amp#27;[0;39m &amp#27;[32mDEBUG&amp#27;[0;39m &amp#27;[35m21692&amp#27;[0;39m &amp#27;[2m---&amp#27;[0;39m &amp#27;[2m[user-management-back-end] [           main]&amp#27;[0;39m &amp#27;[2m&amp#27;[0;39m&amp#27;[36morg.hibernate.type.BasicTypeRegistry    &amp#27;[0;39m &amp#27;[2m:&amp#27;[0;39m Adding type registration org.hibernate.type.TrueFalseConverter -> org.hibernate.type.BasicTypeReference@45f1413c
&amp#27;[2m2025-02-09T18:13:03.174+05:30&amp#27;[0;39m &amp#27;[32mDEBUG&amp#27;[0;39m &amp#27;[35m21692&amp#27;[0;39m &amp#27;[2m---&amp#27;[0;39m &amp#27;[2m[user-management-back-end] [           main]&amp#27;[0;39m &amp#27;[2m&amp#27;[0;39m&amp#27;[36morg.hibernate.type.BasicTypeRegistry    &amp#27;[0;39m &amp#27;[2m:&amp#27;[0;39m Adding type registration yes_no -> org.hibernate.type.BasicTypeReference@1a139347
&amp#27;[2m2025-02-09T18:13:03.174+05:30&amp#27;[0;39m &amp#27;[32mDEBUG&amp#27;[0;39m &amp#27;[35m21692&amp#27;[0;39m &amp#27;[2m---&amp#27;[0;39m &amp#27;[2m[user-management-back-end] [           main]&amp#27;[0;39m &amp#27;[2m&amp#27;[0;39m&amp#27;[36morg.hibernate.type.BasicTypeRegistry    &amp#27;[0;39m &amp#27;[2m:&amp#27;[0;39m Adding type registration org.hibernate.type.YesNoConverter -> org.hibernate.type.BasicTypeReference@1a139347
&amp#27;[2m2025-02-09T18:13:03.174+05:30&amp#27;[0;39m &amp#27;[32mDEBUG&amp#27;[0;39m &amp#27;[35m21692&amp#27;[0;39m &amp#27;[2m---&amp#27;[0;39m &amp#27;[2m[user-management-back-end] [           main]&amp#27;[0;39m &amp#27;[2m&amp#27;[0;39m&amp#27;[36morg.hibernate.type.BasicTypeRegistry    &amp#27;[0;39m &amp#27;[2m:&amp#27;[0;39m Adding type registration byte -> org.hibernate.type.BasicTypeReference@186295cc
&amp#27;[2m2025-02-09T18:13:03.174+05:30&amp#27;[0;39m &amp#27;[32mDEBUG&amp#27;[0;39m &amp#27;[35m21692&amp#27;[0;39m &amp#27;[2m---&amp#27;[0;39m &amp#27;[2m[user-management-back-end] [           main]&amp#27;[0;39m &amp#27;[2m&amp#27;[0;39m&amp#27;[36morg.hibernate.type.BasicTypeRegistry    &amp#27;[0;39m &amp#27;[2m:&amp#27;[0;39m Adding type registration byte -> org.hibernate.type.BasicTypeReference@186295cc
&amp#27;[2m2025-02-09T18:13:03.176+05:30&amp#27;[0;39m &amp#27;[32mDEBUG&amp#27;[0;39m &amp#27;[35m21692&amp#27;[0;39m &amp#27;[2m---&amp#27;[0;39m &amp#27;[2m[user-management-back-end] [           main]&amp#27;[0;39m &amp#27;[2m&amp#27;[0;39m&amp#27;[36morg.hibernate.type.BasicTypeRegistry    &amp#27;[0;39m &amp#27;[2m:&amp#27;[0;39m Adding type registration java.lang.Byte -> org.hibernate.type.BasicTypeReference@186295cc
&amp#27;[2m2025-02-09T18:13:03.176+05:30&amp#27;[0;39m &amp#27;[32mDEBUG&amp#27;[0;39m &amp#27;[35m21692&amp#27;[0;39m &amp#27;[2m---&amp#27;[0;39m &amp#27;[2m[user-management-back-end] [           main]&amp#27;[0;39m &amp#27;[2m&amp#27;[0;39m&amp#27;[36morg.hibernate.type.BasicTypeRegistry    &amp#27;[0;39m &amp#27;[2m:&amp#27;[0;39m Adding type registration binary -> org.hibernate.type.BasicTypeReference@4e85dcb2
&amp#27;[2m2025-02-09T18:13:03.176+05:30&amp#27;[0;39m &amp#27;[32mDEBUG&amp#27;[0;39m &amp#27;[35m21692&amp#27;[0;39m &amp#27;[2m---&amp#27;[0;39m &amp#27;[2m[user-management-back-end] [           main]&amp#27;[0;39m &amp#27;[2m&amp#27;[0;39m&amp#27;[36morg.hibernate.type.BasicTypeRegistry    &amp#27;[0;39m &amp#27;[2m:&amp#27;[0;39m Adding type registration byte[] -> org.hibernate.type.BasicTypeReference@4e85dcb2
&amp#27;[2m2025-02-09T18:13:03.176+05:30&amp#27;[0;39m &amp#27;[32mDEBUG&amp#27;[0;39m &amp#27;[35m21692&amp#27;[0;39m &amp#27;[2m---&amp#27;[0;39m &amp#27;[2m[user-management-back-end] [           main]&amp#27;[0;39m &amp#27;[2m&amp#27;[0;39m&amp#27;[36morg.hibernate.type.BasicTypeRegistry    &amp#27;[0;39m &amp#27;[2m:&amp#27;[0;39m Adding type registration [B -> org.hibernate.type.BasicTypeReference@4e85dcb2
&amp#27;[2m2025-02-09T18:13:03.176+05:30&amp#27;[0;39m &amp#27;[32mDEBUG&amp#27;[0;39m &amp#27;[35m21692&amp#27;[0;39m &amp#27;[2m---&amp#27;[0;39m &amp#27;[2m[user-management-back-end] [           main]&amp#27;[0;39m &amp#27;[2m&amp#27;[0;39m&amp#27;[36morg.hibernate.type.BasicTypeRegistry    &amp#27;[0;39m &amp#27;[2m:&amp#27;[0;39m Adding type registration binary_wrapper -> org.hibernate.type.BasicTypeReference@1b28cff
&amp#27;[2m2025-02-09T18:13:03.176+05:30&amp#27;[0;39m &amp#27;[32mDEBUG&amp#27;[0;39m &amp#27;[35m21692&amp#27;[0;39m &amp#27;[2m---&amp#27;[0;39m &amp#27;[2m[user-management-back-end] [           main]&amp#27;[0;39m &amp#27;[2m&amp#27;[0;39m&amp#27;[36morg.hibernate.type.BasicTypeRegistry    &amp#27;[0;39m &amp#27;[2m:&amp#27;[0;39m Adding type registration wrapper-binary -> org.hibernate.type.BasicTypeReference@1b28cff
&amp#27;[2m2025-02-09T18:13:03.177+05:30&amp#27;[0;39m &amp#27;[32mDEBUG&amp#27;[0;39m &amp#27;[35m21692&amp#27;[0;39m &amp#27;[2m---&amp#27;[0;39m &amp#27;[2m[user-management-back-end] [           main]&amp#27;[0;39m &amp#27;[2m&amp#27;[0;39m&amp#27;[36morg.hibernate.type.BasicTypeRegistry    &amp#27;[0;39m &amp#27;[2m:&amp#27;[0;39m Adding type registration image -> org.hibernate.type.BasicTypeReference@73dbe25
&amp#27;[2m2025-02-09T18:13:03.177+05:30&amp#27;[0;39m &amp#27;[32mDEBUG&amp#27;[0;39m &amp#27;[35m21692&amp#27;[0;39m &amp#27;[2m---&amp#27;[0;39m &amp#27;[2m[user-management-back-end] [           main]&amp#27;[0;39m &amp#27;[2m&amp#27;[0;39m&amp#27;[36morg.hibernate.type.BasicTypeRegistry    &amp#27;[0;39m &amp#27;[2m:&amp#27;[0;39m Adding type registration blob -> org.hibernate.type.BasicTypeReference@bfd97fb
&amp#27;[2m2025-02-09T18:13:03.177+05:30&amp#27;[0;39m &amp#27;[32mDEBUG&amp#27;[0;39m &amp#27;[35m21692&amp#27;[0;39m &amp#27;[2m---&amp#27;[0;39m &amp#27;[2m[user-management-back-end] [           main]&amp#27;[0;39m &amp#27;[2m&amp#27;[0;39m&amp#27;[36morg.hibernate.type.BasicTypeRegistry    &amp#27;[0;39m &amp#27;[2m:&amp#27;[0;39m Adding type registration java.sql.Blob -> org.hibernate.type.BasicTypeReference@bfd97fb
&amp#27;[2m2025-02-09T18:13:03.179+05:30&amp#27;[0;39m &amp#27;[32mDEBUG&amp#27;[0;39m &amp#27;[35m21692&amp#27;[0;39m &amp#27;[2m---&amp#27;[0;39m &amp#27;[2m[user-management-back-end] [           main]&amp#27;[0;39m &amp#27;[2m&amp#27;[0;39m&amp#27;[36morg.hibernate.type.BasicTypeRegistry    &amp#27;[0;39m &amp#27;[2m:&amp#27;[0;39m Adding type registration materialized_blob -> org.hibernate.type.BasicTypeReference@6bfdaa7a
&amp#27;[2m2025-02-09T18:13:03.179+05:30&amp#27;[0;39m &amp#27;[32mDEBUG&amp#27;[0;39m &amp#27;[35m21692&amp#27;[0;39m &amp#27;[2m---&amp#27;[0;39m &amp#27;[2m[user-management-back-end] [           main]&amp#27;[0;39m &amp#27;[2m&amp#27;[0;39m&amp#27;[36morg.hibernate.type.BasicTypeRegistry    &amp#27;[0;39m &amp#27;[2m:&amp#27;[0;39m Adding type registration materialized_blob_wrapper -> org.hibernate.type.BasicTypeReference@7e3d168e
&amp#27;[2m2025-02-09T18:13:03.179+05:30&amp#27;[0;39m &amp#27;[32mDEBUG&amp#27;[0;39m &amp#27;[35m21692&amp#27;[0;39m &amp#27;[2m---&amp#27;[0;39m &amp#27;[2m[user-management-back-end] [           main]&amp#27;[0;39m &amp#27;[2m&amp#27;[0;39m&amp#27;[36morg.hibernate.type.BasicTypeRegistry    &amp#27;[0;39m &amp#27;[2m:&amp#27;[0;39m Adding type registration short -> org.hibernate.type.BasicTypeReference@149b53fa
&amp#27;[2m2025-02-09T18:13:03.180+05:30&amp#27;[0;39m &amp#27;[32mDEBUG&amp#27;[0;39m &amp#27;[35m21692&amp#27;[0;39m &amp#27;[2m---&amp#27;[0;39m &amp#27;[2m[user-management-back-end] [           main]&amp#27;[0;39m &amp#27;[2m&amp#27;[0;39m&amp#27;[36morg.hibernate.type.BasicTypeRegistry    &amp#27;[0;39m &amp#27;[2m:&amp#27;[0;39m Adding type registration short -> org.hibernate.type.BasicTypeReference@149b53fa
&amp#27;[2m2025-02-09T18:13:03.181+05:30&amp#27;[0;39m &amp#27;[32mDEBUG&amp#27;[0;39m &amp#27;[35m21692&amp#27;[0;39m &amp#27;[2m---&amp#27;[0;39m &amp#27;[2m[user-management-back-end] [           main]&amp#27;[0;39m &amp#27;[2m&amp#27;[0;39m&amp#27;[36morg.hibernate.type.BasicTypeRegistry    &amp#27;[0;39m &amp#27;[2m:&amp#27;[0;39m Adding type registration java.lang.Short -> org.hibernate.type.BasicTypeReference@149b53fa
&amp#27;[2m2025-02-09T18:13:03.181+05:30&amp#27;[0;39m &amp#27;[32mDEBUG&amp#27;[0;39m &amp#27;[35m21692&amp#27;[0;39m &amp#27;[2m---&amp#27;[0;39m &amp#27;[2m[user-management-back-end] [           main]&amp#27;[0;39m &amp#27;[2m&amp#27;[0;39m&amp#27;[36morg.hibernate.type.BasicTypeRegistry    &amp#27;[0;39m &amp#27;[2m:&amp#27;[0;39m Adding type registration integer -> org.hibernate.type.BasicTypeReference@73be4cdd
&amp#27;[2m2025-02-09T18:13:03.182+05:30&amp#27;[0;39m &amp#27;[32mDEBUG&amp#27;[0;39m &amp#27;[35m21692&amp#27;[0;39m &amp#27;[2m---&amp#27;[0;39m &amp#27;[2m[user-management-back-end] [           main]&amp#27;[0;39m &amp#27;[2m&amp#27;[0;39m&amp#27;[36morg.hibernate.type.BasicTypeRegistry    &amp#27;[0;39m &amp#27;[2m:&amp#27;[0;39m Adding type registration int -> org.hibernate.type.BasicTypeReference@73be4cdd
&amp#27;[2m2025-02-09T18:13:03.182+05:30&amp#27;[0;39m &amp#27;[32mDEBUG&amp#27;[0;39m &amp#27;[35m21692&amp#27;[0;39m &amp#27;[2m---&amp#27;[0;39m &amp#27;[2m[user-management-back-end] [           main]&amp#27;[0;39m &amp#27;[2m&amp#27;[0;39m&amp#27;[36morg.hibernate.type.BasicTypeRegistry    &amp#27;[0;39m &amp#27;[2m:&amp#27;[0;39m Adding type registration java.lang.Integer -> org.hibernate.type.BasicTypeReference@73be4cdd
&amp#27;[2m2025-02-09T18:13:03.182+05:30&amp#27;[0;39m &amp#27;[32mDEBUG&amp#27;[0;39m &amp#27;[35m21692&amp#27;[0;39m &amp#27;[2m---&amp#27;[0;39m &amp#27;[2m[user-management-back-end] [           main]&amp#27;[0;39m &amp#27;[2m&amp#27;[0;39m&amp#27;[36morg.hibernate.type.BasicTypeRegistry    &amp#27;[0;39m &amp#27;[2m:&amp#27;[0;39m Adding type registration long -> org.hibernate.type.BasicTypeReference@751686aa
&amp#27;[2m2025-02-09T18:13:03.183+05:30&amp#27;[0;39m &amp#27;[32mDEBUG&amp#27;[0;39m &amp#27;[35m21692&amp#27;[0;39m &amp#27;[2m---&amp#27;[0;39m &amp#27;[2m[user-management-back-end] [           main]&amp#27;[0;39m &amp#27;[2m&amp#27;[0;39m&amp#27;[36morg.hibernate.type.BasicTypeRegistry    &amp#27;[0;39m &amp#27;[2m:&amp#27;[0;39m Adding type registration long -> org.hibernate.type.BasicTypeReference@751686aa
&amp#27;[2m2025-02-09T18:13:03.183+05:30&amp#27;[0;39m &amp#27;[32mDEBUG&amp#27;[0;39m &amp#27;[35m21692&amp#27;[0;39m &amp#27;[2m---&amp#27;[0;39m &amp#27;[2m[user-management-back-end] [           main]&amp#27;[0;39m &amp#27;[2m&amp#27;[0;39m&amp#27;[36morg.hibernate.type.BasicTypeRegistry    &amp#27;[0;39m &amp#27;[2m:&amp#27;[0;39m Adding type registration java.lang.Long -> org.hibernate.type.BasicTypeReference@751686aa
&amp#27;[2m2025-02-09T18:13:03.183+05:30&amp#27;[0;39m &amp#27;[32mDEBUG&amp#27;[0;39m &amp#27;[35m21692&amp#27;[0;39m &amp#27;[2m---&amp#27;[0;39m &amp#27;[2m[user-management-back-end] [           main]&amp#27;[0;39m &amp#27;[2m&amp#27;[0;39m&amp#27;[36morg.hibernate.type.BasicTypeRegistry    &amp#27;[0;39m &amp#27;[2m:&amp#27;[0;39m Adding type registration float -> org.hibernate.type.BasicTypeReference@638977e0
&amp#27;[2m2025-02-09T18:13:03.184+05:30&amp#27;[0;39m &amp#27;[32mDEBUG&amp#27;[0;39m &amp#27;[35m21692&amp#27;[0;39m &amp#27;[2m---&amp#27;[0;39m &amp#27;[2m[user-management-back-end] [           main]&amp#27;[0;39m &amp#27;[2m&amp#27;[0;39m&amp#27;[36morg.hibernate.type.BasicTypeRegistry    &amp#27;[0;39m &amp#27;[2m:&amp#27;[0;39m Adding type registration float -> org.hibernate.type.BasicTypeReference@638977e0
&amp#27;[2m2025-02-09T18:13:03.184+05:30&amp#27;[0;39m &amp#27;[32mDEBUG&amp#27;[0;39m &amp#27;[35m21692&amp#27;[0;39m &amp#27;[2m---&amp#27;[0;39m &amp#27;[2m[user-management-back-end] [           main]&amp#27;[0;39m &amp#27;[2m&amp#27;[0;39m&amp#27;[36morg.hibernate.type.BasicTypeRegistry    &amp#27;[0;39m &amp#27;[2m:&amp#27;[0;39m Adding type registration java.lang.Float -> org.hibernate.type.BasicTypeReference@638977e0
&amp#27;[2m2025-02-09T18:13:03.184+05:30&amp#27;[0;39m &amp#27;[32mDEBUG&amp#27;[0;39m &amp#27;[35m21692&amp#27;[0;39m &amp#27;[2m---&amp#27;[0;39m &amp#27;[2m[user-management-back-end] [           main]&amp#27;[0;39m &amp#27;[2m&amp#27;[0;39m&amp#27;[36morg.hibernate.type.BasicTypeRegistry    &amp#27;[0;39m &amp#27;[2m:&amp#27;[0;39m Adding type registration double -> org.hibernate.type.BasicTypeReference@2dc3ece8
&amp#27;[2m2025-02-09T18:13:03.184+05:30&amp#27;[0;39m &amp#27;[32mDEBUG&amp#27;[0;39m &amp#27;[35m21692&amp#27;[0;39m &amp#27;[2m---&amp#27;[0;39m &amp#27;[2m[user-management-back-end] [           main]&amp#27;[0;39m &amp#27;[2m&amp#27;[0;39m&amp#27;[36morg.hibernate.type.BasicTypeRegistry    &amp#27;[0;39m &amp#27;[2m:&amp#27;[0;39m Adding type registration double -> org.hibernate.type.BasicTypeReference@2dc3ece8
&amp#27;[2m2025-02-09T18:13:03.184+05:30&amp#27;[0;39m &amp#27;[32mDEBUG&amp#27;[0;39m &amp#27;[35m21692&amp#27;[0;39m &amp#27;[2m---&amp#27;[0;39m &amp#27;[2m[user-management-back-end] [           main]&amp#27;[0;39m &amp#27;[2m&amp#27;[0;39m&amp#27;[36morg.hibernate.type.BasicTypeRegistry    &amp#27;[0;39m &amp#27;[2m:&amp#27;[0;39m Adding type registration java.lang.Double -> org.hibernate.type.BasicTypeReference@2dc3ece8
&amp#27;[2m2025-02-09T18:13:03.185+05:30&amp#27;[0;39m &amp#27;[32mDEBUG&amp#27;[0;39m &amp#27;[35m21692&amp#27;[0;39m &amp#27;[2m---&amp#27;[0;39m &amp#27;[2m[user-management-back-end] [           main]&amp#27;[0;39m &amp#27;[2m&amp#27;[0;39m&amp#27;[36morg.hibernate.type.BasicTypeRegistry    &amp#27;[0;39m &amp#27;[2m:&amp#27;[0;39m Adding type registration big_integer -> org.hibernate.type.BasicTypeReference@2c1a8529
&amp#27;[2m2025-02-09T18:13:03.185+05:30&amp#27;[0;39m &amp#27;[32mDEBUG&amp#27;[0;39m &amp#27;[35m21692&amp#27;[0;39m &amp#27;[2m---&amp#27;[0;39m &amp#27;[2m[user-management-back-end] [           main]&amp#27;[0;39m &amp#27;[2m&amp#27;[0;39m&amp#27;[36morg.hibernate.type.BasicTypeRegistry    &amp#27;[0;39m &amp#27;[2m:&amp#27;[0;39m Adding type registration java.math.BigInteger -> org.hibernate.type.BasicTypeReference@2c1a8529
&amp#27;[2m2025-02-09T18:13:03.185+05:30&amp#27;[0;39m &amp#27;[32mDEBUG&amp#27;[0;39m &amp#27;[35m21692&amp#27;[0;39m &amp#27;[2m---&amp#27;[0;39m &amp#27;[2m[user-management-back-end] [           main]&amp#27;[0;39m &amp#27;[2m&amp#27;[0;39m&amp#27;[36morg.hibernate.type.BasicTypeRegistry    &amp#27;[0;39m &amp#27;[2m:&amp#27;[0;39m Adding type registration big_decimal -> org.hibernate.type.BasicTypeReference@6d7865d6
&amp#27;[2m2025-02-09T18:13:03.186+05:30&amp#27;[0;39m &amp#27;[32mDEBUG&amp#27;[0;39m &amp#27;[35m21692&amp#27;[0;39m &amp#27;[2m---&amp#27;[0;39m &amp#27;[2m[user-management-back-end] [           main]&amp#27;[0;39m &amp#27;[2m&amp#27;[0;39m&amp#27;[36morg.hibernate.type.BasicTypeRegistry    &amp#27;[0;39m &amp#27;[2m:&amp#27;[0;39m Adding type registration java.math.BigDecimal -> org.hibernate.type.BasicTypeReference@6d7865d6
&amp#27;[2m2025-02-09T18:13:03.186+05:30&amp#27;[0;39m &amp#27;[32mDEBUG&amp#27;[0;39m &amp#27;[35m21692&amp#27;[0;39m &amp#27;[2m---&amp#27;[0;39m &amp#27;[2m[user-management-back-end] [           main]&amp#27;[0;39m &amp#27;[2m&amp#27;[0;39m&amp#27;[36morg.hibernate.type.BasicTypeRegistry    &amp#27;[0;39m &amp#27;[2m:&amp#27;[0;39m Adding type registration character -> org.hibernate.type.BasicTypeReference@45e639ee
&amp#27;[2m2025-02-09T18:13:03.186+05:30&amp#27;[0;39m &amp#27;[32mDEBUG&amp#27;[0;39m &amp#27;[35m21692&amp#27;[0;39m &amp#27;[2m---&amp#27;[0;39m &amp#27;[2m[user-management-back-end] [           main]&amp#27;[0;39m &amp#27;[2m&amp#27;[0;39m&amp#27;[36morg.hibernate.type.BasicTypeRegistry    &amp#27;[0;39m &amp#27;[2m:&amp#27;[0;39m Adding type registration char -> org.hibernate.type.BasicTypeReference@45e639ee
&amp#27;[2m2025-02-09T18:13:03.186+05:30&amp#27;[0;39m &amp#27;[32mDEBUG&amp#27;[0;39m &amp#27;[35m21692&amp#27;[0;39m &amp#27;[2m---&amp#27;[0;39m &amp#27;[2m[user-management-back-end] [           main]&amp#27;[0;39m &amp#27;[2m&amp#27;[0;39m&amp#27;[36morg.hibernate.type.BasicTypeRegistry    &amp#27;[0;39m &amp#27;[2m:&amp#27;[0;39m Adding type registration java.lang.Character -> org.hibernate.type.BasicTypeReference@45e639ee
&amp#27;[2m2025-02-09T18:13:03.187+05:30&amp#27;[0;39m &amp#27;[32mDEBUG&amp#27;[0;39m &amp#27;[35m21692&amp#27;[0;39m &amp#27;[2m---&amp#27;[0;39m &amp#27;[2m[user-management-back-end] [           main]&amp#27;[0;39m &amp#27;[2m&amp#27;[0;39m&amp#27;[36morg.hibernate.type.BasicTypeRegistry    &amp#27;[0;39m &amp#27;[2m:&amp#27;[0;39m Adding type registration character_nchar -> org.hibernate.type.BasicTypeReference@77f03916
&amp#27;[2m2025-02-09T18:13:03.188+05:30&amp#27;[0;39m &amp#27;[32mDEBUG&amp#27;[0;39m &amp#27;[35m21692&amp#27;[0;39m &amp#27;[2m---&amp#27;[0;39m &amp#27;[2m[user-management-back-end] [           main]&amp#27;[0;39m &amp#27;[2m&amp#27;[0;39m&amp#27;[36morg.hibernate.type.BasicTypeRegistry    &amp#27;[0;39m &amp#27;[2m:&amp#27;[0;39m Adding type registration string -> org.hibernate.type.BasicTypeReference@fbbd90c
&amp#27;[2m2025-02-09T18:13:03.188+05:30&amp#27;[0;39m &amp#27;[32mDEBUG&amp#27;[0;39m &amp#27;[35m21692&amp#27;[0;39m &amp#27;[2m---&amp#27;[0;39m &amp#27;[2m[user-management-back-end] [           main]&amp#27;[0;39m &amp#27;[2m&amp#27;[0;39m&amp#27;[36morg.hibernate.type.BasicTypeRegistry    &amp#27;[0;39m &amp#27;[2m:&amp#27;[0;39m Adding type registration java.lang.String -> org.hibernate.type.BasicTypeReference@fbbd90c
&amp#27;[2m2025-02-09T18:13:03.189+05:30&amp#27;[0;39m &amp#27;[32mDEBUG&amp#27;[0;39m &amp#27;[35m21692&amp#27;[0;39m &amp#27;[2m---&amp#27;[0;39m &amp#27;[2m[user-management-back-end] [           main]&amp#27;[0;39m &amp#27;[2m&amp#27;[0;39m&amp#27;[36morg.hibernate.type.BasicTypeRegistry    &amp#27;[0;39m &amp#27;[2m:&amp#27;[0;39m Adding type registration nstring -> org.hibernate.type.BasicTypeReference@21c34bf8
&amp#27;[2m2025-02-09T18:13:03.190+05:30&amp#27;[0;39m &amp#27;[32mDEBUG&amp#27;[0;39m &amp#27;[35m21692&amp#27;[0;39m &amp#27;[2m---&amp#27;[0;39m &amp#27;[2m[user-management-back-end] [           main]&amp#27;[0;39m &amp#27;[2m&amp#27;[0;39m&amp#27;[36morg.hibernate.type.BasicTypeRegistry    &amp#27;[0;39m &amp#27;[2m:&amp#27;[0;39m Adding type registration characters -> org.hibernate.type.BasicTypeReference@559e3f67
&amp#27;[2m2025-02-09T18:13:03.190+05:30&amp#27;[0;39m &amp#27;[32mDEBUG&amp#27;[0;39m &amp#27;[35m21692&amp#27;[0;39m &amp#27;[2m---&amp#27;[0;39m &amp#27;[2m[user-management-back-end] [           main]&amp#27;[0;39m &amp#27;[2m&amp#27;[0;39m&amp#27;[36morg.hibernate.type.BasicTypeRegistry    &amp#27;[0;39m &amp#27;[2m:&amp#27;[0;39m Adding type registration char[] -> org.hibernate.type.BasicTypeReference@559e3f67
&amp#27;[2m2025-02-09T18:13:03.191+05:30&amp#27;[0;39m &amp#27;[32mDEBUG&amp#27;[0;39m &amp#27;[35m21692&amp#27;[0;39m &amp#27;[2m---&amp#27;[0;39m &amp#27;[2m[user-management-back-end] [           main]&amp#27;[0;39m &amp#27;[2m&amp#27;[0;39m&amp#27;[36morg.hibernate.type.BasicTypeRegistry    &amp#27;[0;39m &amp#27;[2m:&amp#27;[0;39m Adding type registration [C -> org.hibernate.type.BasicTypeReference@559e3f67
&amp#27;[2m2025-02-09T18:13:03.191+05:30&amp#27;[0;39m &amp#27;[32mDEBUG&amp#27;[0;39m &amp#27;[35m21692&amp#27;[0;39m &amp#27;[2m---&amp#27;[0;39m &amp#27;[2m[user-management-back-end] [           main]&amp#27;[0;39m &amp#27;[2m&amp#27;[0;39m&amp#27;[36morg.hibernate.type.BasicTypeRegistry    &amp#27;[0;39m &amp#27;[2m:&amp#27;[0;39m Adding type registration wrapper-characters -> org.hibernate.type.BasicTypeReference@23d0944b
&amp#27;[2m2025-02-09T18:13:03.191+05:30&amp#27;[0;39m &amp#27;[32mDEBUG&amp#27;[0;39m &amp#27;[35m21692&amp#27;[0;39m &amp#27;[2m---&amp#27;[0;39m &amp#27;[2m[user-management-back-end] [           main]&amp#27;[0;39m &amp#27;[2m&amp#27;[0;39m&amp#27;[36morg.hibernate.type.BasicTypeRegistry    &amp#27;[0;39m &amp#27;[2m:&amp#27;[0;39m Adding type registration text -> org.hibernate.type.BasicTypeReference@72f24a84
&amp#27;[2m2025-02-09T18:13:03.192+05:30&amp#27;[0;39m &amp#27;[32mDEBUG&amp#27;[0;39m &amp#27;[35m21692&amp#27;[0;39m &amp#27;[2m---&amp#27;[0;39m &amp#27;[2m[user-management-back-end] [           main]&amp#27;[0;39m &amp#27;[2m&amp#27;[0;39m&amp#27;[36morg.hibernate.type.BasicTypeRegistry    &amp#27;[0;39m &amp#27;[2m:&amp#27;[0;39m Adding type registration ntext -> org.hibernate.type.BasicTypeReference@49d543a9
&amp#27;[2m2025-02-09T18:13:03.192+05:30&amp#27;[0;39m &amp#27;[32mDEBUG&amp#27;[0;39m &amp#27;[35m21692&amp#27;[0;39m &amp#27;[2m---&amp#27;[0;39m &amp#27;[2m[user-management-back-end] [           main]&amp#27;[0;39m &amp#27;[2m&amp#27;[0;39m&amp#27;[36morg.hibernate.type.BasicTypeRegistry    &amp#27;[0;39m &amp#27;[2m:&amp#27;[0;39m Adding type registration clob -> org.hibernate.type.BasicTypeReference@6d9428f3
&amp#27;[2m2025-02-09T18:13:03.192+05:30&amp#27;[0;39m &amp#27;[32mDEBUG&amp#27;[0;39m &amp#27;[35m21692&amp#27;[0;39m &amp#27;[2m---&amp#27;[0;39m &amp#27;[2m[user-management-back-end] [           main]&amp#27;[0;39m &amp#27;[2m&amp#27;[0;39m&amp#27;[36morg.hibernate.type.BasicTypeRegistry    &amp#27;[0;39m &amp#27;[2m:&amp#27;[0;39m Adding type registration java.sql.Clob -> org.hibernate.type.BasicTypeReference@6d9428f3
&amp#27;[2m2025-02-09T18:13:03.192+05:30&amp#27;[0;39m &amp#27;[32mDEBUG&amp#27;[0;39m &amp#27;[35m21692&amp#27;[0;39m &amp#27;[2m---&amp#27;[0;39m &amp#27;[2m[user-management-back-end] [           main]&amp#27;[0;39m &amp#27;[2m&amp#27;[0;39m&amp#27;[36morg.hibernate.type.BasicTypeRegistry    &amp#27;[0;39m &amp#27;[2m:&amp#27;[0;39m Adding type registration nclob -> org.hibernate.type.BasicTypeReference@4ac19bc6
&amp#27;[2m2025-02-09T18:13:03.193+05:30&amp#27;[0;39m &amp#27;[32mDEBUG&amp#27;[0;39m &amp#27;[35m21692&amp#27;[0;39m &amp#27;[2m---&amp#27;[0;39m &amp#27;[2m[user-management-back-end] [           main]&amp#27;[0;39m &amp#27;[2m&amp#27;[0;39m&amp#27;[36morg.hibernate.type.BasicTypeRegistry    &amp#27;[0;39m &amp#27;[2m:&amp#27;[0;39m Adding type registration java.sql.NClob -> org.hibernate.type.BasicTypeReference@4ac19bc6
&amp#27;[2m2025-02-09T18:13:03.193+05:30&amp#27;[0;39m &amp#27;[32mDEBUG&amp#27;[0;39m &amp#27;[35m21692&amp#27;[0;39m &amp#27;[2m---&amp#27;[0;39m &amp#27;[2m[user-management-back-end] [           main]&amp#27;[0;39m &amp#27;[2m&amp#27;[0;39m&amp#27;[36morg.hibernate.type.BasicTypeRegistry    &amp#27;[0;39m &amp#27;[2m:&amp#27;[0;39m Adding type registration materialized_clob -> org.hibernate.type.BasicTypeReference@2a075e70
&amp#27;[2m2025-02-09T18:13:03.193+05:30&amp#27;[0;39m &amp#27;[32mDEBUG&amp#27;[0;39m &amp#27;[35m21692&amp#27;[0;39m &amp#27;[2m---&amp#27;[0;39m &amp#27;[2m[user-management-back-end] [           main]&amp#27;[0;39m &amp#27;[2m&amp#27;[0;39m&amp#27;[36morg.hibernate.type.BasicTypeRegistry    &amp#27;[0;39m &amp#27;[2m:&amp#27;[0;39m Adding type registration materialized_clob_char_array -> org.hibernate.type.BasicTypeReference@492c9892
&amp#27;[2m2025-02-09T18:13:03.194+05:30&amp#27;[0;39m &amp#27;[32mDEBUG&amp#27;[0;39m &amp#27;[35m21692&amp#27;[0;39m &amp#27;[2m---&amp#27;[0;39m &amp#27;[2m[user-management-back-end] [           main]&amp#27;[0;39m &amp#27;[2m&amp#27;[0;39m&amp#27;[36morg.hibernate.type.BasicTypeRegistry    &amp#27;[0;39m &amp#27;[2m:&amp#27;[0;39m Adding type registration materialized_clob_character_array -> org.hibernate.type.BasicTypeReference@533e2f4
&amp#27;[2m2025-02-09T18:13:03.194+05:30&amp#27;[0;39m &amp#27;[32mDEBUG&amp#27;[0;39m &amp#27;[35m21692&amp#27;[0;39m &amp#27;[2m---&amp#27;[0;39m &amp#27;[2m[user-management-back-end] [           main]&amp#27;[0;39m &amp#27;[2m&amp#27;[0;39m&amp#27;[36morg.hibernate.type.BasicTypeRegistry    &amp#27;[0;39m &amp#27;[2m:&amp#27;[0;39m Adding type registration materialized_nclob -> org.hibernate.type.BasicTypeReference@436a563f
&amp#27;[2m2025-02-09T18:13:03.194+05:30&amp#27;[0;39m &amp#27;[32mDEBUG&amp#27;[0;39m &amp#27;[35m21692&amp#27;[0;39m &amp#27;[2m---&amp#27;[0;39m &amp#27;[2m[user-management-back-end] [           main]&amp#27;[0;39m &amp#27;[2m&amp#27;[0;39m&amp#27;[36morg.hibernate.type.BasicTypeRegistry    &amp#27;[0;39m &amp#27;[2m:&amp#27;[0;39m Adding type registration materialized_nclob_character_array -> org.hibernate.type.BasicTypeReference@538e74fc
&amp#27;[2m2025-02-09T18:13:03.194+05:30&amp#27;[0;39m &amp#27;[32mDEBUG&amp#27;[0;39m &amp#27;[35m21692&amp#27;[0;39m &amp#27;[2m---&amp#27;[0;39m &amp#27;[2m[user-management-back-end] [           main]&amp#27;[0;39m &amp#27;[2m&amp#27;[0;39m&amp#27;[36morg.hibernate.type.BasicTypeRegistry    &amp#27;[0;39m &amp#27;[2m:&amp#27;[0;39m Adding type registration materialized_nclob_char_array -> org.hibernate.type.BasicTypeReference@7ecb9e17
&amp#27;[2m2025-02-09T18:13:03.194+05:30&amp#27;[0;39m &amp#27;[32mDEBUG&amp#27;[0;39m &amp#27;[35m21692&amp#27;[0;39m &amp#27;[2m---&amp#27;[0;39m &amp#27;[2m[user-management-back-end] [           main]&amp#27;[0;39m &amp#27;[2m&amp#27;[0;39m&amp#27;[36morg.hibernate.type.BasicTypeRegistry    &amp#27;[0;39m &amp#27;[2m:&amp#27;[0;39m Adding type registration Duration -> org.hibernate.type.BasicTypeReference@6475e778
&amp#27;[2m2025-02-09T18:13:03.194+05:30&amp#27;[0;39m &amp#27;[32mDEBUG&amp#27;[0;39m &amp#27;[35m21692&amp#27;[0;39m &amp#27;[2m---&amp#27;[0;39m &amp#27;[2m[user-management-back-end] [           main]&amp#27;[0;39m &amp#27;[2m&amp#27;[0;39m&amp#27;[36morg.hibernate.type.BasicTypeRegistry    &amp#27;[0;39m &amp#27;[2m:&amp#27;[0;39m Adding type registration java.time.Duration -> org.hibernate.type.BasicTypeReference@6475e778
&amp#27;[2m2025-02-09T18:13:03.195+05:30&amp#27;[0;39m &amp#27;[32mDEBUG&amp#27;[0;39m &amp#27;[35m21692&amp#27;[0;39m &amp#27;[2m---&amp#27;[0;39m &amp#27;[2m[user-management-back-end] [           main]&amp#27;[0;39m &amp#27;[2m&amp#27;[0;39m&amp#27;[36morg.hibernate.type.BasicTypeRegistry    &amp#27;[0;39m &amp#27;[2m:&amp#27;[0;39m Adding type registration LocalDateTime -> org.hibernate.type.BasicTypeReference@75bf9e67
&amp#27;[2m2025-02-09T18:13:03.196+05:30&amp#27;[0;39m &amp#27;[32mDEBUG&amp#27;[0;39m &amp#27;[35m21692&amp#27;[0;39m &amp#27;[2m---&amp#27;[0;39m &amp#27;[2m[user-management-back-end] [           main]&amp#27;[0;39m &amp#27;[2m&amp#27;[0;39m&amp#27;[36morg.hibernate.type.BasicTypeRegistry    &amp#27;[0;39m &amp#27;[2m:&amp#27;[0;39m Adding type registration java.time.LocalDateTime -> org.hibernate.type.BasicTypeReference@75bf9e67
&amp#27;[2m2025-02-09T18:13:03.196+05:30&amp#27;[0;39m &amp#27;[32mDEBUG&amp#27;[0;39m &amp#27;[35m21692&amp#27;[0;39m &amp#27;[2m---&amp#27;[0;39m &amp#27;[2m[user-management-back-end] [           main]&amp#27;[0;39m &amp#27;[2m&amp#27;[0;39m&amp#27;[36morg.hibernate.type.BasicTypeRegistry    &amp#27;[0;39m &amp#27;[2m:&amp#27;[0;39m Adding type registration LocalDate -> org.hibernate.type.BasicTypeReference@55b62db8
&amp#27;[2m2025-02-09T18:13:03.196+05:30&amp#27;[0;39m &amp#27;[32mDEBUG&amp#27;[0;39m &amp#27;[35m21692&amp#27;[0;39m &amp#27;[2m---&amp#27;[0;39m &amp#27;[2m[user-management-back-end] [           main]&amp#27;[0;39m &amp#27;[2m&amp#27;[0;39m&amp#27;[36morg.hibernate.type.BasicTypeRegistry    &amp#27;[0;39m &amp#27;[2m:&amp#27;[0;39m Adding type registration java.time.LocalDate -> org.hibernate.type.BasicTypeReference@55b62db8
&amp#27;[2m2025-02-09T18:13:03.196+05:30&amp#27;[0;39m &amp#27;[32mDEBUG&amp#27;[0;39m &amp#27;[35m21692&amp#27;[0;39m &amp#27;[2m---&amp#27;[0;39m &amp#27;[2m[user-management-back-end] [           main]&amp#27;[0;39m &amp#27;[2m&amp#27;[0;39m&amp#27;[36morg.hibernate.type.BasicTypeRegistry    &amp#27;[0;39m &amp#27;[2m:&amp#27;[0;39m Adding type registration LocalTime -> org.hibernate.type.BasicTypeReference@772f3a3f
&amp#27;[2m2025-02-09T18:13:03.197+05:30&amp#27;[0;39m &amp#27;[32mDEBUG&amp#27;[0;39m &amp#27;[35m21692&amp#27;[0;39m &amp#27;[2m---&amp#27;[0;39m &amp#27;[2m[user-management-back-end] [           main]&amp#27;[0;39m &amp#27;[2m&amp#27;[0;39m&amp#27;[36morg.hibernate.type.BasicTypeRegistry    &amp#27;[0;39m &amp#27;[2m:&amp#27;[0;39m Adding type registration java.time.LocalTime -> org.hibernate.type.BasicTypeReference@772f3a3f
&amp#27;[2m2025-02-09T18:13:03.197+05:30&amp#27;[0;39m &amp#27;[32mDEBUG&amp#27;[0;39m &amp#27;[35m21692&amp#27;[0;39m &amp#27;[2m---&amp#27;[0;39m &amp#27;[2m[user-management-back-end] [           main]&amp#27;[0;39m &amp#27;[2m&amp#27;[0;39m&amp#27;[36morg.hibernate.type.BasicTypeRegistry    &amp#27;[0;39m &amp#27;[2m:&amp#27;[0;39m Adding type registration OffsetDateTime -> org.hibernate.type.BasicTypeReference@3caa4d85
&amp#27;[2m2025-02-09T18:13:03.197+05:30&amp#27;[0;39m &amp#27;[32mDEBUG&amp#27;[0;39m &amp#27;[35m21692&amp#27;[0;39m &amp#27;[2m---&amp#27;[0;39m &amp#27;[2m[user-management-back-end] [           main]&amp#27;[0;39m &amp#27;[2m&amp#27;[0;39m&amp#27;[36morg.hibernate.type.BasicTypeRegistry    &amp#27;[0;39m &amp#27;[2m:&amp#27;[0;39m Adding type registration java.time.OffsetDateTime -> org.hibernate.type.BasicTypeReference@3caa4d85
&amp#27;[2m2025-02-09T18:13:03.197+05:30&amp#27;[0;39m &amp#27;[32mDEBUG&amp#27;[0;39m &amp#27;[35m21692&amp#27;[0;39m &amp#27;[2m---&amp#27;[0;39m &amp#27;[2m[user-management-back-end] [           main]&amp#27;[0;39m &amp#27;[2m&amp#27;[0;39m&amp#27;[36morg.hibernate.type.BasicTypeRegistry    &amp#27;[0;39m &amp#27;[2m:&amp#27;[0;39m Adding type registration OffsetDateTimeWithTimezone -> org.hibernate.type.BasicTypeReference@356fa0d1
&amp#27;[2m2025-02-09T18:13:03.198+05:30&amp#27;[0;39m &amp#27;[32mDEBUG&amp#27;[0;39m &amp#27;[35m21692&amp#27;[0;39m &amp#27;[2m---&amp#27;[0;39m &amp#27;[2m[user-management-back-end] [           main]&amp#27;[0;39m &amp#27;[2m&amp#27;[0;39m&amp#27;[36morg.hibernate.type.BasicTypeRegistry    &amp#27;[0;39m &amp#27;[2m:&amp#27;[0;39m Adding type registration OffsetDateTimeWithoutTimezone -> org.hibernate.type.BasicTypeReference@51508029
&amp#27;[2m2025-02-09T18:13:03.198+05:30&amp#27;[0;39m &amp#27;[32mDEBUG&amp#27;[0;39m &amp#27;[35m21692&amp#27;[0;39m &amp#27;[2m---&amp#27;[0;39m &amp#27;[2m[user-management-back-end] [           main]&amp#27;[0;39m &amp#27;[2m&amp#27;[0;39m&amp#27;[36morg.hibernate.type.BasicTypeRegistry    &amp#27;[0;39m &amp#27;[2m:&amp#27;[0;39m Adding type registration OffsetTime -> org.hibernate.type.BasicTypeReference@5f20b6fe
&amp#27;[2m2025-02-09T18:13:03.198+05:30&amp#27;[0;39m &amp#27;[32mDEBUG&amp#27;[0;39m &amp#27;[35m21692&amp#27;[0;39m &amp#27;[2m---&amp#27;[0;39m &amp#27;[2m[user-management-back-end] [           main]&amp#27;[0;39m &amp#27;[2m&amp#27;[0;39m&amp#27;[36morg.hibernate.type.BasicTypeRegistry    &amp#27;[0;39m &amp#27;[2m:&amp#27;[0;39m Adding type registration java.time.OffsetTime -> org.hibernate.type.BasicTypeReference@5f20b6fe
&amp#27;[2m2025-02-09T18:13:03.198+05:30&amp#27;[0;39m &amp#27;[32mDEBUG&amp#27;[0;39m &amp#27;[35m21692&amp#27;[0;39m &amp#27;[2m---&amp#27;[0;39m &amp#27;[2m[user-management-back-end] [           main]&amp#27;[0;39m &amp#27;[2m&amp#27;[0;39m&amp#27;[36morg.hibernate.type.BasicTypeRegistry    &amp#27;[0;39m &amp#27;[2m:&amp#27;[0;39m Adding type registration OffsetTimeUtc -> org.hibernate.type.BasicTypeReference@31880efa
&amp#27;[2m2025-02-09T18:13:03.198+05:30&amp#27;[0;39m &amp#27;[32mDEBUG&amp#27;[0;39m &amp#27;[35m21692&amp#27;[0;39m &amp#27;[2m---&amp#27;[0;39m &amp#27;[2m[user-management-back-end] [           main]&amp#27;[0;39m &amp#27;[2m&amp#27;[0;39m&amp#27;[36morg.hibernate.type.BasicTypeRegistry    &amp#27;[0;39m &amp#27;[2m:&amp#27;[0;39m Adding type registration OffsetTimeWithTimezone -> org.hibernate.type.BasicTypeReference@79295932
&amp#27;[2m2025-02-09T18:13:03.199+05:30&amp#27;[0;39m &amp#27;[32mDEBUG&amp#27;[0;39m &amp#27;[35m21692&amp#27;[0;39m &amp#27;[2m---&amp#27;[0;39m &amp#27;[2m[user-management-back-end] [           main]&amp#27;[0;39m &amp#27;[2m&amp#27;[0;39m&amp#27;[36morg.hibernate.type.BasicTypeRegistry    &amp#27;[0;39m &amp#27;[2m:&amp#27;[0;39m Adding type registration OffsetTimeWithoutTimezone -> org.hibernate.type.BasicTypeReference@2cadcff6
&amp#27;[2m2025-02-09T18:13:03.199+05:30&amp#27;[0;39m &amp#27;[32mDEBUG&amp#27;[0;39m &amp#27;[35m21692&amp#27;[0;39m &amp#27;[2m---&amp#27;[0;39m &amp#27;[2m[user-management-back-end] [           main]&amp#27;[0;39m &amp#27;[2m&amp#27;[0;39m&amp#27;[36morg.hibernate.type.BasicTypeRegistry    &amp#27;[0;39m &amp#27;[2m:&amp#27;[0;39m Adding type registration ZonedDateTime -> org.hibernate.type.BasicTypeReference@76e00bdb
&amp#27;[2m2025-02-09T18:13:03.199+05:30&amp#27;[0;39m &amp#27;[32mDEBUG&amp#27;[0;39m &amp#27;[35m21692&amp#27;[0;39m &amp#27;[2m---&amp#27;[0;39m &amp#27;[2m[user-management-back-end] [           main]&amp#27;[0;39m &amp#27;[2m&amp#27;[0;39m&amp#27;[36morg.hibernate.type.BasicTypeRegistry    &amp#27;[0;39m &amp#27;[2m:&amp#27;[0;39m Adding type registration java.time.ZonedDateTime -> org.hibernate.type.BasicTypeReference@76e00bdb
&amp#27;[2m2025-02-09T18:13:03.199+05:30&amp#27;[0;39m &amp#27;[32mDEBUG&amp#27;[0;39m &amp#27;[35m21692&amp#27;[0;39m &amp#27;[2m---&amp#27;[0;39m &amp#27;[2m[user-management-back-end] [           main]&amp#27;[0;39m &amp#27;[2m&amp#27;[0;39m&amp#27;[36morg.hibernate.type.BasicTypeRegistry    &amp#27;[0;39m &amp#27;[2m:&amp#27;[0;39m Adding type registration ZonedDateTimeWithTimezone -> org.hibernate.type.BasicTypeReference@7ee2423
&amp#27;[2m2025-02-09T18:13:03.199+05:30&amp#27;[0;39m &amp#27;[32mDEBUG&amp#27;[0;39m &amp#27;[35m21692&amp#27;[0;39m &amp#27;[2m---&amp#27;[0;39m &amp#27;[2m[user-management-back-end] [           main]&amp#27;[0;39m &amp#27;[2m&amp#27;[0;39m&amp#27;[36morg.hibernate.type.BasicTypeRegistry    &amp#27;[0;39m &amp#27;[2m:&amp#27;[0;39m Adding type registration ZonedDateTimeWithoutTimezone -> org.hibernate.type.BasicTypeReference@343d1d25
&amp#27;[2m2025-02-09T18:13:03.200+05:30&amp#27;[0;39m &amp#27;[32mDEBUG&amp#27;[0;39m &amp#27;[35m21692&amp#27;[0;39m &amp#27;[2m---&amp#27;[0;39m &amp#27;[2m[user-management-back-end] [           main]&amp#27;[0;39m &amp#27;[2m&amp#27;[0;39m&amp#27;[36morg.hibernate.type.BasicTypeRegistry    &amp#27;[0;39m &amp#27;[2m:&amp#27;[0;39m Adding type registration date -> org.hibernate.type.BasicTypeReference@762da62b
&amp#27;[2m2025-02-09T18:13:03.200+05:30&amp#27;[0;39m &amp#27;[32mDEBUG&amp#27;[0;39m &amp#27;[35m21692&amp#27;[0;39m &amp#27;[2m---&amp#27;[0;39m &amp#27;[2m[user-management-back-end] [           main]&amp#27;[0;39m &amp#27;[2m&amp#27;[0;39m&amp#27;[36morg.hibernate.type.BasicTypeRegistry    &amp#27;[0;39m &amp#27;[2m:&amp#27;[0;39m Adding type registration java.sql.Date -> org.hibernate.type.BasicTypeReference@762da62b
&amp#27;[2m2025-02-09T18:13:03.200+05:30&amp#27;[0;39m &amp#27;[32mDEBUG&amp#27;[0;39m &amp#27;[35m21692&amp#27;[0;39m &amp#27;[2m---&amp#27;[0;39m &amp#27;[2m[user-management-back-end] [           main]&amp#27;[0;39m &amp#27;[2m&amp#27;[0;39m&amp#27;[36morg.hibernate.type.BasicTypeRegistry    &amp#27;[0;39m &amp#27;[2m:&amp#27;[0;39m Adding type registration time -> org.hibernate.type.BasicTypeReference@e5c5e6
&amp#27;[2m2025-02-09T18:13:03.200+05:30&amp#27;[0;39m &amp#27;[32mDEBUG&amp#27;[0;39m &amp#27;[35m21692&amp#27;[0;39m &amp#27;[2m---&amp#27;[0;39m &amp#27;[2m[user-management-back-end] [           main]&amp#27;[0;39m &amp#27;[2m&amp#27;[0;39m&amp#27;[36morg.hibernate.type.BasicTypeRegistry    &amp#27;[0;39m &amp#27;[2m:&amp#27;[0;39m Adding type registration java.sql.Time -> org.hibernate.type.BasicTypeReference@e5c5e6
&amp#27;[2m2025-02-09T18:13:03.200+05:30&amp#27;[0;39m &amp#27;[32mDEBUG&amp#27;[0;39m &amp#27;[35m21692&amp#27;[0;39m &amp#27;[2m---&amp#27;[0;39m &amp#27;[2m[user-management-back-end] [           main]&amp#27;[0;39m &amp#27;[2m&amp#27;[0;39m&amp#27;[36morg.hibernate.type.BasicTypeRegistry    &amp#27;[0;39m &amp#27;[2m:&amp#27;[0;39m Adding type registration timestamp -> org.hibernate.type.BasicTypeReference@76dc36e5
&amp#27;[2m2025-02-09T18:13:03.200+05:30&amp#27;[0;39m &amp#27;[32mDEBUG&amp#27;[0;39m &amp#27;[35m21692&amp#27;[0;39m &amp#27;[2m---&amp#27;[0;39m &amp#27;[2m[user-management-back-end] [           main]&amp#27;[0;39m &amp#27;[2m&amp#27;[0;39m&amp#27;[36morg.hibernate.type.BasicTypeRegistry    &amp#27;[0;39m &amp#27;[2m:&amp#27;[0;39m Adding type registration java.sql.Timestamp -> org.hibernate.type.BasicTypeReference@76dc36e5
&amp#27;[2m2025-02-09T18:13:03.200+05:30&amp#27;[0;39m &amp#27;[32mDEBUG&amp#27;[0;39m &amp#27;[35m21692&amp#27;[0;39m &amp#27;[2m---&amp#27;[0;39m &amp#27;[2m[user-management-back-end] [           main]&amp#27;[0;39m &amp#27;[2m&amp#27;[0;39m&amp#27;[36morg.hibernate.type.BasicTypeRegistry    &amp#27;[0;39m &amp#27;[2m:&amp#27;[0;39m Adding type registration java.util.Date -> org.hibernate.type.BasicTypeReference@76dc36e5
&amp#27;[2m2025-02-09T18:13:03.201+05:30&amp#27;[0;39m &amp#27;[32mDEBUG&amp#27;[0;39m &amp#27;[35m21692&amp#27;[0;39m &amp#27;[2m---&amp#27;[0;39m &amp#27;[2m[user-management-back-end] [           main]&amp#27;[0;39m &amp#27;[2m&amp#27;[0;39m&amp#27;[36morg.hibernate.type.BasicTypeRegistry    &amp#27;[0;39m &amp#27;[2m:&amp#27;[0;39m Adding type registration calendar -> org.hibernate.type.BasicTypeReference@2a54c92e
&amp#27;[2m2025-02-09T18:13:03.201+05:30&amp#27;[0;39m &amp#27;[32mDEBUG&amp#27;[0;39m &amp#27;[35m21692&amp#27;[0;39m &amp#27;[2m---&amp#27;[0;39m &amp#27;[2m[user-management-back-end] [           main]&amp#27;[0;39m &amp#27;[2m&amp#27;[0;39m&amp#27;[36morg.hibernate.type.BasicTypeRegistry    &amp#27;[0;39m &amp#27;[2m:&amp#27;[0;39m Adding type registration java.util.Calendar -> org.hibernate.type.BasicTypeReference@2a54c92e
&amp#27;[2m2025-02-09T18:13:03.201+05:30&amp#27;[0;39m &amp#27;[32mDEBUG&amp#27;[0;39m &amp#27;[35m21692&amp#27;[0;39m &amp#27;[2m---&amp#27;[0;39m &amp#27;[2m[user-management-back-end] [           main]&amp#27;[0;39m &amp#27;[2m&amp#27;[0;39m&amp#27;[36morg.hibernate.type.BasicTypeRegistry    &amp#27;[0;39m &amp#27;[2m:&amp#27;[0;39m Adding type registration java.util.GregorianCalendar -> org.hibernate.type.BasicTypeReference@2a54c92e
&amp#27;[2m2025-02-09T18:13:03.201+05:30&amp#27;[0;39m &amp#27;[32mDEBUG&amp#27;[0;39m &amp#27;[35m21692&amp#27;[0;39m &amp#27;[2m---&amp#27;[0;39m &amp#27;[2m[user-management-back-end] [           main]&amp#27;[0;39m &amp#27;[2m&amp#27;[0;39m&amp#27;[36morg.hibernate.type.BasicTypeRegistry    &amp#27;[0;39m &amp#27;[2m:&amp#27;[0;39m Adding type registration calendar_date -> org.hibernate.type.BasicTypeReference@31533eb1
&amp#27;[2m2025-02-09T18:13:03.201+05:30&amp#27;[0;39m &amp#27;[32mDEBUG&amp#27;[0;39m &amp#27;[35m21692&amp#27;[0;39m &amp#27;[2m---&amp#27;[0;39m &amp#27;[2m[user-management-back-end] [           main]&amp#27;[0;39m &amp#27;[2m&amp#27;[0;39m&amp#27;[36morg.hibernate.type.BasicTypeRegistry    &amp#27;[0;39m &amp#27;[2m:&amp#27;[0;39m Adding type registration calendar_time -> org.hibernate.type.BasicTypeReference@1fb71788
&amp#27;[2m2025-02-09T18:13:03.201+05:30&amp#27;[0;39m &amp#27;[32mDEBUG&amp#27;[0;39m &amp#27;[35m21692&amp#27;[0;39m &amp#27;[2m---&amp#27;[0;39m &amp#27;[2m[user-management-back-end] [           main]&amp#27;[0;39m &amp#27;[2m&amp#27;[0;39m&amp#27;[36morg.hibernate.type.BasicTypeRegistry    &amp#27;[0;39m &amp#27;[2m:&amp#27;[0;39m Adding type registration instant -> org.hibernate.type.BasicTypeReference@8cb7185
&amp#27;[2m2025-02-09T18:13:03.201+05:30&amp#27;[0;39m &amp#27;[32mDEBUG&amp#27;[0;39m &amp#27;[35m21692&amp#27;[0;39m &amp#27;[2m---&amp#27;[0;39m &amp#27;[2m[user-management-back-end] [           main]&amp#27;[0;39m &amp#27;[2m&amp#27;[0;39m&amp#27;[36morg.hibernate.type.BasicTypeRegistry    &amp#27;[0;39m &amp#27;[2m:&amp#27;[0;39m Adding type registration java.time.Instant -> org.hibernate.type.BasicTypeReference@8cb7185
&amp#27;[2m2025-02-09T18:13:03.202+05:30&amp#27;[0;39m &amp#27;[32mDEBUG&amp#27;[0;39m &amp#27;[35m21692&amp#27;[0;39m &amp#27;[2m---&amp#27;[0;39m &amp#27;[2m[user-management-back-end] [           main]&amp#27;[0;39m &amp#27;[2m&amp#27;[0;39m&amp#27;[36morg.hibernate.type.BasicTypeRegistry    &amp#27;[0;39m &amp#27;[2m:&amp#27;[0;39m Adding type registration uuid -> org.hibernate.type.BasicTypeReference@4dac40b
&amp#27;[2m2025-02-09T18:13:03.202+05:30&amp#27;[0;39m &amp#27;[32mDEBUG&amp#27;[0;39m &amp#27;[35m21692&amp#27;[0;39m &amp#27;[2m---&amp#27;[0;39m &amp#27;[2m[user-management-back-end] [           main]&amp#27;[0;39m &amp#27;[2m&amp#27;[0;39m&amp#27;[36morg.hibernate.type.BasicTypeRegistry    &amp#27;[0;39m &amp#27;[2m:&amp#27;[0;39m Adding type registration java.util.UUID -> org.hibernate.type.BasicTypeReference@4dac40b
&amp#27;[2m2025-02-09T18:13:03.202+05:30&amp#27;[0;39m &amp#27;[32mDEBUG&amp#27;[0;39m &amp#27;[35m21692&amp#27;[0;39m &amp#27;[2m---&amp#27;[0;39m &amp#27;[2m[user-management-back-end] [           main]&amp#27;[0;39m &amp#27;[2m&amp#27;[0;39m&amp#27;[36morg.hibernate.type.BasicTypeRegistry    &amp#27;[0;39m &amp#27;[2m:&amp#27;[0;39m Adding type registration pg-uuid -> org.hibernate.type.BasicTypeReference@4dac40b
&amp#27;[2m2025-02-09T18:13:03.202+05:30&amp#27;[0;39m &amp#27;[32mDEBUG&amp#27;[0;39m &amp#27;[35m21692&amp#27;[0;39m &amp#27;[2m---&amp#27;[0;39m &amp#27;[2m[user-management-back-end] [           main]&amp#27;[0;39m &amp#27;[2m&amp#27;[0;39m&amp#27;[36morg.hibernate.type.BasicTypeRegistry    &amp#27;[0;39m &amp#27;[2m:&amp#27;[0;39m Adding type registration uuid-binary -> org.hibernate.type.BasicTypeReference@2c54c497
&amp#27;[2m2025-02-09T18:13:03.203+05:30&amp#27;[0;39m &amp#27;[32mDEBUG&amp#27;[0;39m &amp#27;[35m21692&amp#27;[0;39m &amp#27;[2m---&amp#27;[0;39m &amp#27;[2m[user-management-back-end] [           main]&amp#27;[0;39m &amp#27;[2m&amp#27;[0;39m&amp#27;[36morg.hibernate.type.BasicTypeRegistry    &amp#27;[0;39m &amp#27;[2m:&amp#27;[0;39m Adding type registration uuid-char -> org.hibernate.type.BasicTypeReference@b788dc2
&amp#27;[2m2025-02-09T18:13:03.204+05:30&amp#27;[0;39m &amp#27;[32mDEBUG&amp#27;[0;39m &amp#27;[35m21692&amp#27;[0;39m &amp#27;[2m---&amp#27;[0;39m &amp#27;[2m[user-management-back-end] [           main]&amp#27;[0;39m &amp#27;[2m&amp#27;[0;39m&amp#27;[36morg.hibernate.type.BasicTypeRegistry    &amp#27;[0;39m &amp#27;[2m:&amp#27;[0;39m Adding type registration class -> org.hibernate.type.BasicTypeReference@58ec8271
&amp#27;[2m2025-02-09T18:13:03.204+05:30&amp#27;[0;39m &amp#27;[32mDEBUG&amp#27;[0;39m &amp#27;[35m21692&amp#27;[0;39m &amp#27;[2m---&amp#27;[0;39m &amp#27;[2m[user-management-back-end] [           main]&amp#27;[0;39m &amp#27;[2m&amp#27;[0;39m&amp#27;[36morg.hibernate.type.BasicTypeRegistry    &amp#27;[0;39m &amp#27;[2m:&amp#27;[0;39m Adding type registration java.lang.Class -> org.hibernate.type.BasicTypeReference@58ec8271
&amp#27;[2m2025-02-09T18:13:03.204+05:30&amp#27;[0;39m &amp#27;[32mDEBUG&amp#27;[0;39m &amp#27;[35m21692&amp#27;[0;39m &amp#27;[2m---&amp#27;[0;39m &amp#27;[2m[user-management-back-end] [           main]&amp#27;[0;39m &amp#27;[2m&amp#27;[0;39m&amp#27;[36morg.hibernate.type.BasicTypeRegistry    &amp#27;[0;39m &amp#27;[2m:&amp#27;[0;39m Adding type registration currency -> org.hibernate.type.BasicTypeReference@a44effb
&amp#27;[2m2025-02-09T18:13:03.204+05:30&amp#27;[0;39m &amp#27;[32mDEBUG&amp#27;[0;39m &amp#27;[35m21692&amp#27;[0;39m &amp#27;[2m---&amp#27;[0;39m &amp#27;[2m[user-management-back-end] [           main]&amp#27;[0;39m &amp#27;[2m&amp#27;[0;39m&amp#27;[36morg.hibernate.type.BasicTypeRegistry    &amp#27;[0;39m &amp#27;[2m:&amp#27;[0;39m Adding type registration Currency -> org.hibernate.type.BasicTypeReference@a44effb
&amp#27;[2m2025-02-09T18:13:03.204+05:30&amp#27;[0;39m &amp#27;[32mDEBUG&amp#27;[0;39m &amp#27;[35m21692&amp#27;[0;39m &amp#27;[2m---&amp#27;[0;39m &amp#27;[2m[user-management-back-end] [           main]&amp#27;[0;39m &amp#27;[2m&amp#27;[0;39m&amp#27;[36morg.hibernate.type.BasicTypeRegistry    &amp#27;[0;39m &amp#27;[2m:&amp#27;[0;39m Adding type registration java.util.Currency -> org.hibernate.type.BasicTypeReference@a44effb
&amp#27;[2m2025-02-09T18:13:03.206+05:30&amp#27;[0;39m &amp#27;[32mDEBUG&amp#27;[0;39m &amp#27;[35m21692&amp#27;[0;39m &amp#27;[2m---&amp#27;[0;39m &amp#27;[2m[user-management-back-end] [           main]&amp#27;[0;39m &amp#27;[2m&amp#27;[0;39m&amp#27;[36morg.hibernate.type.BasicTypeRegistry    &amp#27;[0;39m &amp#27;[2m:&amp#27;[0;39m Adding type registration locale -> org.hibernate.type.BasicTypeReference@3ee258
&amp#27;[2m2025-02-09T18:13:03.206+05:30&amp#27;[0;39m &amp#27;[32mDEBUG&amp#27;[0;39m &amp#27;[35m21692&amp#27;[0;39m &amp#27;[2m---&amp#27;[0;39m &amp#27;[2m[user-management-back-end] [           main]&amp#27;[0;39m &amp#27;[2m&amp#27;[0;39m&amp#27;[36morg.hibernate.type.BasicTypeRegistry    &amp#27;[0;39m &amp#27;[2m:&amp#27;[0;39m Adding type registration java.util.Locale -> org.hibernate.type.BasicTypeReference@3ee258
&amp#27;[2m2025-02-09T18:13:03.206+05:30&amp#27;[0;39m &amp#27;[32mDEBUG&amp#27;[0;39m &amp#27;[35m21692&amp#27;[0;39m &amp#27;[2m---&amp#27;[0;39m &amp#27;[2m[user-management-back-end] [           main]&amp#27;[0;39m &amp#27;[2m&amp#27;[0;39m&amp#27;[36morg.hibernate.type.BasicTypeRegistry    &amp#27;[0;39m &amp#27;[2m:&amp#27;[0;39m Adding type registration serializable -> org.hibernate.type.BasicTypeReference@4f676900
&amp#27;[2m2025-02-09T18:13:03.206+05:30&amp#27;[0;39m &amp#27;[32mDEBUG&amp#27;[0;39m &amp#27;[35m21692&amp#27;[0;39m &amp#27;[2m---&amp#27;[0;39m &amp#27;[2m[user-management-back-end] [           main]&amp#27;[0;39m &amp#27;[2m&amp#27;[0;39m&amp#27;[36morg.hibernate.type.BasicTypeRegistry    &amp#27;[0;39m &amp#27;[2m:&amp#27;[0;39m Adding type registration java.io.Serializable -> org.hibernate.type.BasicTypeReference@4f676900
&amp#27;[2m2025-02-09T18:13:03.207+05:30&amp#27;[0;39m &amp#27;[32mDEBUG&amp#27;[0;39m &amp#27;[35m21692&amp#27;[0;39m &amp#27;[2m---&amp#27;[0;39m &amp#27;[2m[user-management-back-end] [           main]&amp#27;[0;39m &amp#27;[2m&amp#27;[0;39m&amp#27;[36morg.hibernate.type.BasicTypeRegistry    &amp#27;[0;39m &amp#27;[2m:&amp#27;[0;39m Adding type registration timezone -> org.hibernate.type.BasicTypeReference@73a49597
&amp#27;[2m2025-02-09T18:13:03.207+05:30&amp#27;[0;39m &amp#27;[32mDEBUG&amp#27;[0;39m &amp#27;[35m21692&amp#27;[0;39m &amp#27;[2m---&amp#27;[0;39m &amp#27;[2m[user-management-back-end] [           main]&amp#27;[0;39m &amp#27;[2m&amp#27;[0;39m&amp#27;[36morg.hibernate.type.BasicTypeRegistry    &amp#27;[0;39m &amp#27;[2m:&amp#27;[0;39m Adding type registration java.util.TimeZone -> org.hibernate.type.BasicTypeReference@73a49597
&amp#27;[2m2025-02-09T18:13:03.207+05:30&amp#27;[0;39m &amp#27;[32mDEBUG&amp#27;[0;39m &amp#27;[35m21692&amp#27;[0;39m &amp#27;[2m---&amp#27;[0;39m &amp#27;[2m[user-management-back-end] [           main]&amp#27;[0;39m &amp#27;[2m&amp#27;[0;39m&amp#27;[36morg.hibernate.type.BasicTypeRegistry    &amp#27;[0;39m &amp#27;[2m:&amp#27;[0;39m Adding type registration ZoneOffset -> org.hibernate.type.BasicTypeReference@5eb2972f
&amp#27;[2m2025-02-09T18:13:03.207+05:30&amp#27;[0;39m &amp#27;[32mDEBUG&amp#27;[0;39m &amp#27;[35m21692&amp#27;[0;39m &amp#27;[2m---&amp#27;[0;39m &amp#27;[2m[user-management-back-end] [           main]&amp#27;[0;39m &amp#27;[2m&amp#27;[0;39m&amp#27;[36morg.hibernate.type.BasicTypeRegistry    &amp#27;[0;39m &amp#27;[2m:&amp#27;[0;39m Adding type registration java.time.ZoneOffset -> org.hibernate.type.BasicTypeReference@5eb2972f
&amp#27;[2m2025-02-09T18:13:03.209+05:30&amp#27;[0;39m &amp#27;[32mDEBUG&amp#27;[0;39m &amp#27;[35m21692&amp#27;[0;39m &amp#27;[2m---&amp#27;[0;39m &amp#27;[2m[user-management-back-end] [           main]&amp#27;[0;39m &amp#27;[2m&amp#27;[0;39m&amp#27;[36morg.hibernate.type.BasicTypeRegistry    &amp#27;[0;39m &amp#27;[2m:&amp#27;[0;39m Adding type registration url -> org.hibernate.type.BasicTypeReference@29699283
&amp#27;[2m2025-02-09T18:13:03.210+05:30&amp#27;[0;39m &amp#27;[32mDEBUG&amp#27;[0;39m &amp#27;[35m21692&amp#27;[0;39m &amp#27;[2m---&amp#27;[0;39m &amp#27;[2m[user-management-back-end] [           main]&amp#27;[0;39m &amp#27;[2m&amp#27;[0;39m&amp#27;[36morg.hibernate.type.BasicTypeRegistry    &amp#27;[0;39m &amp#27;[2m:&amp#27;[0;39m Adding type registration java.net.URL -> org.hibernate.type.BasicTypeReference@29699283
&amp#27;[2m2025-02-09T18:13:03.210+05:30&amp#27;[0;39m &amp#27;[32mDEBUG&amp#27;[0;39m &amp#27;[35m21692&amp#27;[0;39m &amp#27;[2m---&amp#27;[0;39m &amp#27;[2m[user-management-back-end] [           main]&amp#27;[0;39m &amp#27;[2m&amp#27;[0;39m&amp#27;[36morg.hibernate.type.BasicTypeRegistry    &amp#27;[0;39m &amp#27;[2m:&amp#27;[0;39m Adding type registration vector -> org.hibernate.type.BasicTypeReference@5d32c1c7
&amp#27;[2m2025-02-09T18:13:03.210+05:30&amp#27;[0;39m &amp#27;[32mDEBUG&amp#27;[0;39m &amp#27;[35m21692&amp#27;[0;39m &amp#27;[2m---&amp#27;[0;39m &amp#27;[2m[user-management-back-end] [           main]&amp#27;[0;39m &amp#27;[2m&amp#27;[0;39m&amp#27;[36morg.hibernate.type.BasicTypeRegistry    &amp#27;[0;39m &amp#27;[2m:&amp#27;[0;39m Adding type registration row_version -> org.hibernate.type.BasicTypeReference@a6dffdb
&amp#27;[2m2025-02-09T18:13:03.224+05:30&amp#27;[0;39m &amp#27;[32mDEBUG&amp#27;[0;39m &amp#27;[35m21692&amp#27;[0;39m &amp#27;[2m---&amp#27;[0;39m &amp#27;[2m[user-management-back-end] [           main]&amp#27;[0;39m &amp#27;[2m&amp#27;[0;39m&amp#27;[36morg.hibernate.type.BasicTypeRegistry    &amp#27;[0;39m &amp#27;[2m:&amp#27;[0;39m Adding type registration object -> org.hibernate.type.JavaObjectType@32a4ea4e
&amp#27;[2m2025-02-09T18:13:03.226+05:30&amp#27;[0;39m &amp#27;[32mDEBUG&amp#27;[0;39m &amp#27;[35m21692&amp#27;[0;39m &amp#27;[2m---&amp#27;[0;39m &amp#27;[2m[user-management-back-end] [           main]&amp#27;[0;39m &amp#27;[2m&amp#27;[0;39m&amp#27;[36morg.hibernate.type.BasicTypeRegistry    &amp#27;[0;39m &amp#27;[2m:&amp#27;[0;39m Adding type registration java.lang.Object -> org.hibernate.type.JavaObjectType@32a4ea4e
&amp#27;[2m2025-02-09T18:13:03.235+05:30&amp#27;[0;39m &amp#27;[32mDEBUG&amp#27;[0;39m &amp#27;[35m21692&amp#27;[0;39m &amp#27;[2m---&amp#27;[0;39m &amp#27;[2m[user-management-back-end] [           main]&amp#27;[0;39m &amp#27;[2m&amp#27;[0;39m&amp#27;[36morg.hibernate.type.BasicTypeRegistry    &amp#27;[0;39m &amp#27;[2m:&amp#27;[0;39m Adding type registration null -> org.hibernate.type.NullType@77204651
&amp#27;[2m2025-02-09T18:13:03.241+05:30&amp#27;[0;39m &amp#27;[32mDEBUG&amp#27;[0;39m &amp#27;[35m21692&amp#27;[0;39m &amp#27;[2m---&amp#27;[0;39m &amp#27;[2m[user-management-back-end] [           main]&amp#27;[0;39m &amp#27;[2m&amp#27;[0;39m&amp#27;[36morg.hibernate.type.BasicTypeRegistry    &amp#27;[0;39m &amp#27;[2m:&amp#27;[0;39m Adding type registration imm_date -> org.hibernate.type.BasicTypeReference@51cca357
&amp#27;[2m2025-02-09T18:13:03.241+05:30&amp#27;[0;39m &amp#27;[32mDEBUG&amp#27;[0;39m &amp#27;[35m21692&amp#27;[0;39m &amp#27;[2m---&amp#27;[0;39m &amp#27;[2m[user-management-back-end] [           main]&amp#27;[0;39m &amp#27;[2m&amp#27;[0;39m&amp#27;[36morg.hibernate.type.BasicTypeRegistry    &amp#27;[0;39m &amp#27;[2m:&amp#27;[0;39m Adding type registration imm_time -> org.hibernate.type.BasicTypeReference@416c8bb5
&amp#27;[2m2025-02-09T18:13:03.241+05:30&amp#27;[0;39m &amp#27;[32mDEBUG&amp#27;[0;39m &amp#27;[35m21692&amp#27;[0;39m &amp#27;[2m---&amp#27;[0;39m &amp#27;[2m[user-management-back-end] [           main]&amp#27;[0;39m &amp#27;[2m&amp#27;[0;39m&amp#27;[36morg.hibernate.type.BasicTypeRegistry    &amp#27;[0;39m &amp#27;[2m:&amp#27;[0;39m Adding type registration imm_timestamp -> org.hibernate.type.BasicTypeReference@340b4f07
&amp#27;[2m2025-02-09T18:13:03.244+05:30&amp#27;[0;39m &amp#27;[32mDEBUG&amp#27;[0;39m &amp#27;[35m21692&amp#27;[0;39m &amp#27;[2m---&amp#27;[0;39m &amp#27;[2m[user-management-back-end] [           main]&amp#27;[0;39m &amp#27;[2m&amp#27;[0;39m&amp#27;[36morg.hibernate.type.BasicTypeRegistry    &amp#27;[0;39m &amp#27;[2m:&amp#27;[0;39m Adding type registration imm_calendar -> org.hibernate.type.BasicTypeReference@e994ca
&amp#27;[2m2025-02-09T18:13:03.245+05:30&amp#27;[0;39m &amp#27;[32mDEBUG&amp#27;[0;39m &amp#27;[35m21692&amp#27;[0;39m &amp#27;[2m---&amp#27;[0;39m &amp#27;[2m[user-management-back-end] [           main]&amp#27;[0;39m &amp#27;[2m&amp#27;[0;39m&amp#27;[36morg.hibernate.type.BasicTypeRegistry    &amp#27;[0;39m &amp#27;[2m:&amp#27;[0;39m Adding type registration imm_calendar_date -> org.hibernate.type.BasicTypeReference@5a205ee5
&amp#27;[2m2025-02-09T18:13:03.245+05:30&amp#27;[0;39m &amp#27;[32mDEBUG&amp#27;[0;39m &amp#27;[35m21692&amp#27;[0;39m &amp#27;[2m---&amp#27;[0;39m &amp#27;[2m[user-management-back-end] [           main]&amp#27;[0;39m &amp#27;[2m&amp#27;[0;39m&amp#27;[36morg.hibernate.type.BasicTypeRegistry    &amp#27;[0;39m &amp#27;[2m:&amp#27;[0;39m Adding type registration imm_calendar_time -> org.hibernate.type.BasicTypeReference@7fb44737
&amp#27;[2m2025-02-09T18:13:03.245+05:30&amp#27;[0;39m &amp#27;[32mDEBUG&amp#27;[0;39m &amp#27;[35m21692&amp#27;[0;39m &amp#27;[2m---&amp#27;[0;39m &amp#27;[2m[user-management-back-end] [           main]&amp#27;[0;39m &amp#27;[2m&amp#27;[0;39m&amp#27;[36morg.hibernate.type.BasicTypeRegistry    &amp#27;[0;39m &amp#27;[2m:&amp#27;[0;39m Adding type registration imm_binary -> org.hibernate.type.BasicTypeReference@11295cb1
&amp#27;[2m2025-02-09T18:13:03.245+05:30&amp#27;[0;39m &amp#27;[32mDEBUG&amp#27;[0;39m &amp#27;[35m21692&amp#27;[0;39m &amp#27;[2m---&amp#27;[0;39m &amp#27;[2m[user-management-back-end] [           main]&amp#27;[0;39m &amp#27;[2m&amp#27;[0;39m&amp#27;[36morg.hibernate.type.BasicTypeRegistry    &amp#27;[0;39m &amp#27;[2m:&amp#27;[0;39m Adding type registration imm_serializable -> org.hibernate.type.BasicTypeReference@5daad59a
&amp#27;[2m2025-02-09T18:13:04.066+05:30&amp#27;[0;39m &amp#27;[32m INFO&amp#27;[0;39m &amp#27;[35m21692&amp#27;[0;39m &amp#27;[2m---&amp#27;[0;39m &amp#27;[2m[user-management-back-end] [           main]&amp#27;[0;39m &amp#27;[2m&amp#27;[0;39m&amp#27;[36mo.s.o.j.p.SpringPersistenceUnitInfo     &amp#27;[0;39m &amp#27;[2m:&amp#27;[0;39m No LoadTimeWeaver setup: ignoring JPA class transformer
&amp#27;[2m2025-02-09T18:13:04.141+05:30&amp#27;[0;39m &amp#27;[32m INFO&amp#27;[0;39m &amp#27;[35m21692&amp#27;[0;39m &amp#27;[2m---&amp#27;[0;39m &amp#27;[2m[user-management-back-end] [           main]&amp#27;[0;39m &amp#27;[2m&amp#27;[0;39m&amp#27;[36mcom.zaxxer.hikari.HikariDataSource      &amp#27;[0;39m &amp#27;[2m:&amp#27;[0;39m HikariPool-1 - Starting...
&amp#27;[2m2025-02-09T18:13:07.796+05:30&amp#27;[0;39m &amp#27;[32m INFO&amp#27;[0;39m &amp#27;[35m21692&amp#27;[0;39m &amp#27;[2m---&amp#27;[0;39m &amp#27;[2m[user-management-back-end] [           main]&amp#27;[0;39m &amp#27;[2m&amp#27;[0;39m&amp#27;[36mcom.zaxxer.hikari.pool.HikariPool       &amp#27;[0;39m &amp#27;[2m:&amp#27;[0;39m HikariPool-1 - Added connection com.mysql.cj.jdbc.ConnectionImpl@284f25e6
&amp#27;[2m2025-02-09T18:13:07.799+05:30&amp#27;[0;39m &amp#27;[32m INFO&amp#27;[0;39m &amp#27;[35m21692&amp#27;[0;39m &amp#27;[2m---&amp#27;[0;39m &amp#27;[2m[user-management-back-end] [           main]&amp#27;[0;39m &amp#27;[2m&amp#27;[0;39m&amp#27;[36mcom.zaxxer.hikari.HikariDataSource      &amp#27;[0;39m &amp#27;[2m:&amp#27;[0;39m HikariPool-1 - Start completed.
&amp#27;[2m2025-02-09T18:13:08.362+05:30&amp#27;[0;39m &amp#27;[33m WARN&amp#27;[0;39m &amp#27;[35m21692&amp#27;[0;39m &amp#27;[2m---&amp#27;[0;39m &amp#27;[2m[user-management-back-end] [           main]&amp#27;[0;39m &amp#27;[2m&amp#27;[0;39m&amp#27;[36morg.hibernate.orm.deprecation           &amp#27;[0;39m &amp#27;[2m:&amp#27;[0;39m HHH90000025: MySQLDialect does not need to be specified explicitly using 'hibernate.dialect' (remove the property setting and it will be selected by default)
&amp#27;[2m2025-02-09T18:13:08.402+05:30&amp#27;[0;39m &amp#27;[32mDEBUG&amp#27;[0;39m &amp#27;[35m21692&amp#27;[0;39m &amp#27;[2m---&amp#27;[0;39m &amp#27;[2m[user-management-back-end] [           main]&amp#27;[0;39m &amp#27;[2m&amp#27;[0;39m&amp#27;[36mo.h.t.d.sql.spi.DdlTypeRegistry         &amp#27;[0;39m &amp#27;[2m:&amp#27;[0;39m addDescriptor(12, org.hibernate.type.descriptor.sql.internal.CapacityDependentDdlType@35dc849b) replaced previous registration(org.hibernate.type.descriptor.sql.internal.CapacityDependentDdlType@276aa33f)
&amp#27;[2m2025-02-09T18:13:08.402+05:30&amp#27;[0;39m &amp#27;[32mDEBUG&amp#27;[0;39m &amp#27;[35m21692&amp#27;[0;39m &amp#27;[2m---&amp#27;[0;39m &amp#27;[2m[user-management-back-end] [           main]&amp#27;[0;39m &amp#27;[2m&amp#27;[0;39m&amp#27;[36mo.h.t.d.sql.spi.DdlTypeRegistry         &amp#27;[0;39m &amp#27;[2m:&amp#27;[0;39m addDescriptor(-9, org.hibernate.type.descriptor.sql.internal.CapacityDependentDdlType@34065642) replaced previous registration(org.hibernate.type.descriptor.sql.internal.CapacityDependentDdlType@c85486)
&amp#27;[2m2025-02-09T18:13:08.402+05:30&amp#27;[0;39m &amp#27;[32mDEBUG&amp#27;[0;39m &amp#27;[35m21692&amp#27;[0;39m &amp#27;[2m---&amp#27;[0;39m &amp#27;[2m[user-management-back-end] [           main]&amp#27;[0;39m &amp#27;[2m&amp#27;[0;39m&amp#27;[36mo.h.t.d.sql.spi.DdlTypeRegistry         &amp#27;[0;39m &amp#27;[2m:&amp#27;[0;39m addDescriptor(-3, org.hibernate.type.descriptor.sql.internal.CapacityDependentDdlType@51e1e058) replaced previous registration(org.hibernate.type.descriptor.sql.internal.CapacityDependentDdlType@23e0c200)
&amp#27;[2m2025-02-09T18:13:08.402+05:30&amp#27;[0;39m &amp#27;[32mDEBUG&amp#27;[0;39m &amp#27;[35m21692&amp#27;[0;39m &amp#27;[2m---&amp#27;[0;39m &amp#27;[2m[user-management-back-end] [           main]&amp#27;[0;39m &amp#27;[2m&amp#27;[0;39m&amp#27;[36mo.h.t.d.sql.spi.DdlTypeRegistry         &amp#27;[0;39m &amp#27;[2m:&amp#27;[0;39m addDescriptor(4003, org.hibernate.type.descriptor.sql.internal.DdlTypeImpl@25d23478) replaced previous registration(org.hibernate.type.descriptor.sql.internal.DdlTypeImpl@677c2820)
&amp#27;[2m2025-02-09T18:13:08.402+05:30&amp#27;[0;39m &amp#27;[32mDEBUG&amp#27;[0;39m &amp#27;[35m21692&amp#27;[0;39m &amp#27;[2m---&amp#27;[0;39m &amp#27;[2m[user-management-back-end] [           main]&amp#27;[0;39m &amp#27;[2m&amp#27;[0;39m&amp#27;[36mo.h.t.d.sql.spi.DdlTypeRegistry         &amp#27;[0;39m &amp#27;[2m:&amp#27;[0;39m addDescriptor(4001, org.hibernate.type.descriptor.sql.internal.DdlTypeImpl@39c1e7b7) replaced previous registration(org.hibernate.type.descriptor.sql.internal.DdlTypeImpl@1c14d24d)
&amp#27;[2m2025-02-09T18:13:08.402+05:30&amp#27;[0;39m &amp#27;[32mDEBUG&amp#27;[0;39m &amp#27;[35m21692&amp#27;[0;39m &amp#27;[2m---&amp#27;[0;39m &amp#27;[2m[user-management-back-end] [           main]&amp#27;[0;39m &amp#27;[2m&amp#27;[0;39m&amp#27;[36mo.h.t.d.sql.spi.DdlTypeRegistry         &amp#27;[0;39m &amp#27;[2m:&amp#27;[0;39m addDescriptor(4002, org.hibernate.type.descriptor.sql.internal.DdlTypeImpl@28515443) replaced previous registration(org.hibernate.type.descriptor.sql.internal.DdlTypeImpl@2eea4441)
&amp#27;[2m2025-02-09T18:13:08.402+05:30&amp#27;[0;39m &amp#27;[32mDEBUG&amp#27;[0;39m &amp#27;[35m21692&amp#27;[0;39m &amp#27;[2m---&amp#27;[0;39m &amp#27;[2m[user-management-back-end] [           main]&amp#27;[0;39m &amp#27;[2m&amp#27;[0;39m&amp#27;[36mo.h.t.d.sql.spi.DdlTypeRegistry         &amp#27;[0;39m &amp#27;[2m:&amp#27;[0;39m addDescriptor(2004, org.hibernate.type.descriptor.sql.internal.CapacityDependentDdlType@1820f274) replaced previous registration(org.hibernate.type.descriptor.sql.internal.DdlTypeImpl@221cdd87)
&amp#27;[2m2025-02-09T18:13:08.402+05:30&amp#27;[0;39m &amp#27;[32mDEBUG&amp#27;[0;39m &amp#27;[35m21692&amp#27;[0;39m &amp#27;[2m---&amp#27;[0;39m &amp#27;[2m[user-management-back-end] [           main]&amp#27;[0;39m &amp#27;[2m&amp#27;[0;39m&amp#27;[36mo.h.t.d.sql.spi.DdlTypeRegistry         &amp#27;[0;39m &amp#27;[2m:&amp#27;[0;39m addDescriptor(2005, org.hibernate.type.descriptor.sql.internal.CapacityDependentDdlType@4d66cb) replaced previous registration(org.hibernate.type.descriptor.sql.internal.DdlTypeImpl@7c79f2cf)
&amp#27;[2m2025-02-09T18:13:08.402+05:30&amp#27;[0;39m &amp#27;[32mDEBUG&amp#27;[0;39m &amp#27;[35m21692&amp#27;[0;39m &amp#27;[2m---&amp#27;[0;39m &amp#27;[2m[user-management-back-end] [           main]&amp#27;[0;39m &amp#27;[2m&amp#27;[0;39m&amp#27;[36mo.h.t.d.sql.spi.DdlTypeRegistry         &amp#27;[0;39m &amp#27;[2m:&amp#27;[0;39m addDescriptor(2011, org.hibernate.type.descriptor.sql.internal.CapacityDependentDdlType@63551c66) replaced previous registration(org.hibernate.type.descriptor.sql.internal.DdlTypeImpl@2761156e)
&amp#27;[2m2025-02-09T18:13:08.404+05:30&amp#27;[0;39m &amp#27;[32mDEBUG&amp#27;[0;39m &amp#27;[35m21692&amp#27;[0;39m &amp#27;[2m---&amp#27;[0;39m &amp#27;[2m[user-management-back-end] [           main]&amp#27;[0;39m &amp#27;[2m&amp#27;[0;39m&amp#27;[36mo.h.t.d.jdbc.spi.JdbcTypeRegistry       &amp#27;[0;39m &amp#27;[2m:&amp#27;[0;39m addDescriptor(NCharTypeDescriptor) replaced previous registration(CharTypeDescriptor)
&amp#27;[2m2025-02-09T18:13:08.404+05:30&amp#27;[0;39m &amp#27;[32mDEBUG&amp#27;[0;39m &amp#27;[35m21692&amp#27;[0;39m &amp#27;[2m---&amp#27;[0;39m &amp#27;[2m[user-management-back-end] [           main]&amp#27;[0;39m &amp#27;[2m&amp#27;[0;39m&amp#27;[36mo.h.t.d.jdbc.spi.JdbcTypeRegistry       &amp#27;[0;39m &amp#27;[2m:&amp#27;[0;39m addDescriptor(NVarcharTypeDescriptor) replaced previous registration(VarcharTypeDescriptor)
&amp#27;[2m2025-02-09T18:13:08.404+05:30&amp#27;[0;39m &amp#27;[32mDEBUG&amp#27;[0;39m &amp#27;[35m21692&amp#27;[0;39m &amp#27;[2m---&amp#27;[0;39m &amp#27;[2m[user-management-back-end] [           main]&amp#27;[0;39m &amp#27;[2m&amp#27;[0;39m&amp#27;[36mo.h.t.d.jdbc.spi.JdbcTypeRegistry       &amp#27;[0;39m &amp#27;[2m:&amp#27;[0;39m addDescriptor(LongNVarcharTypeDescriptor) replaced previous registration(LongVarcharTypeDescriptor)
&amp#27;[2m2025-02-09T18:13:08.406+05:30&amp#27;[0;39m &amp#27;[32mDEBUG&amp#27;[0;39m &amp#27;[35m21692&amp#27;[0;39m &amp#27;[2m---&amp#27;[0;39m &amp#27;[2m[user-management-back-end] [           main]&amp#27;[0;39m &amp#27;[2m&amp#27;[0;39m&amp#27;[36mo.h.t.d.jdbc.spi.JdbcTypeRegistry       &amp#27;[0;39m &amp#27;[2m:&amp#27;[0;39m addDescriptor(NClobTypeDescriptor(DEFAULT)) replaced previous registration(ClobTypeDescriptor(DEFAULT))
&amp#27;[2m2025-02-09T18:13:08.406+05:30&amp#27;[0;39m &amp#27;[32mDEBUG&amp#27;[0;39m &amp#27;[35m21692&amp#27;[0;39m &amp#27;[2m---&amp#27;[0;39m &amp#27;[2m[user-management-back-end] [           main]&amp#27;[0;39m &amp#27;[2m&amp#27;[0;39m&amp#27;[36mo.h.t.d.jdbc.spi.JdbcTypeRegistry       &amp#27;[0;39m &amp#27;[2m:&amp#27;[0;39m addDescriptor(2005, ClobTypeDescriptor(STREAM_BINDING)) replaced previous registration(ClobTypeDescriptor(DEFAULT))
&amp#27;[2m2025-02-09T18:13:08.409+05:30&amp#27;[0;39m &amp#27;[32mDEBUG&amp#27;[0;39m &amp#27;[35m21692&amp#27;[0;39m &amp#27;[2m---&amp#27;[0;39m &amp#27;[2m[user-management-back-end] [           main]&amp#27;[0;39m &amp#27;[2m&amp#27;[0;39m&amp#27;[36morg.hibernate.type.BasicTypeRegistry    &amp#27;[0;39m &amp#27;[2m:&amp#27;[0;39m Adding type registration null -> org.hibernate.type.NullType@6be2b567
&amp#27;[2m2025-02-09T18:13:08.409+05:30&amp#27;[0;39m &amp#27;[32mDEBUG&amp#27;[0;39m &amp#27;[35m21692&amp#27;[0;39m &amp#27;[2m---&amp#27;[0;39m &amp#27;[2m[user-management-back-end] [           main]&amp#27;[0;39m &amp#27;[2m&amp#27;[0;39m&amp#27;[36morg.hibernate.type.BasicTypeRegistry    &amp#27;[0;39m &amp#27;[2m:&amp#27;[0;39m Type registration key [null] overrode previous entry : `org.hibernate.type.NullType@77204651`
&amp#27;[2m2025-02-09T18:13:08.416+05:30&amp#27;[0;39m &amp#27;[32mDEBUG&amp#27;[0;39m &amp#27;[35m21692&amp#27;[0;39m &amp#27;[2m---&amp#27;[0;39m &amp#27;[2m[user-management-back-end] [           main]&amp#27;[0;39m &amp#27;[2m&amp#27;[0;39m&amp#27;[36morg.hibernate.type.BasicTypeRegistry    &amp#27;[0;39m &amp#27;[2m:&amp#27;[0;39m Adding type registration org.hibernate.type.DurationType -> basicType@1(java.time.Duration,3015)
&amp#27;[2m2025-02-09T18:13:08.416+05:30&amp#27;[0;39m &amp#27;[32mDEBUG&amp#27;[0;39m &amp#27;[35m21692&amp#27;[0;39m &amp#27;[2m---&amp#27;[0;39m &amp#27;[2m[user-management-back-end] [           main]&amp#27;[0;39m &amp#27;[2m&amp#27;[0;39m&amp#27;[36morg.hibernate.type.BasicTypeRegistry    &amp#27;[0;39m &amp#27;[2m:&amp#27;[0;39m Adding type registration Duration -> basicType@1(java.time.Duration,3015)
&amp#27;[2m2025-02-09T18:13:08.416+05:30&amp#27;[0;39m &amp#27;[32mDEBUG&amp#27;[0;39m &amp#27;[35m21692&amp#27;[0;39m &amp#27;[2m---&amp#27;[0;39m &amp#27;[2m[user-management-back-end] [           main]&amp#27;[0;39m &amp#27;[2m&amp#27;[0;39m&amp#27;[36morg.hibernate.type.BasicTypeRegistry    &amp#27;[0;39m &amp#27;[2m:&amp#27;[0;39m Adding type registration java.time.Duration -> basicType@1(java.time.Duration,3015)
&amp#27;[2m2025-02-09T18:13:08.419+05:30&amp#27;[0;39m &amp#27;[32mDEBUG&amp#27;[0;39m &amp#27;[35m21692&amp#27;[0;39m &amp#27;[2m---&amp#27;[0;39m &amp#27;[2m[user-management-back-end] [           main]&amp#27;[0;39m &amp#27;[2m&amp#27;[0;39m&amp#27;[36morg.hibernate.type.BasicTypeRegistry    &amp#27;[0;39m &amp#27;[2m:&amp#27;[0;39m Adding type registration org.hibernate.type.OffsetDateTimeType -> basicType@2(java.time.OffsetDateTime,3003)
&amp#27;[2m2025-02-09T18:13:08.419+05:30&amp#27;[0;39m &amp#27;[32mDEBUG&amp#27;[0;39m &amp#27;[35m21692&amp#27;[0;39m &amp#27;[2m---&amp#27;[0;39m &amp#27;[2m[user-management-back-end] [           main]&amp#27;[0;39m &amp#27;[2m&amp#27;[0;39m&amp#27;[36morg.hibernate.type.BasicTypeRegistry    &amp#27;[0;39m &amp#27;[2m:&amp#27;[0;39m Adding type registration OffsetDateTime -> basicType@2(java.time.OffsetDateTime,3003)
&amp#27;[2m2025-02-09T18:13:08.419+05:30&amp#27;[0;39m &amp#27;[32mDEBUG&amp#27;[0;39m &amp#27;[35m21692&amp#27;[0;39m &amp#27;[2m---&amp#27;[0;39m &amp#27;[2m[user-management-back-end] [           main]&amp#27;[0;39m &amp#27;[2m&amp#27;[0;39m&amp#27;[36morg.hibernate.type.BasicTypeRegistry    &amp#27;[0;39m &amp#27;[2m:&amp#27;[0;39m Adding type registration java.time.OffsetDateTime -> basicType@2(java.time.OffsetDateTime,3003)
&amp#27;[2m2025-02-09T18:13:08.419+05:30&amp#27;[0;39m &amp#27;[32mDEBUG&amp#27;[0;39m &amp#27;[35m21692&amp#27;[0;39m &amp#27;[2m---&amp#27;[0;39m &amp#27;[2m[user-management-back-end] [           main]&amp#27;[0;39m &amp#27;[2m&amp#27;[0;39m&amp#27;[36morg.hibernate.type.BasicTypeRegistry    &amp#27;[0;39m &amp#27;[2m:&amp#27;[0;39m Adding type registration org.hibernate.type.ZonedDateTimeType -> basicType@3(java.time.ZonedDateTime,3003)
&amp#27;[2m2025-02-09T18:13:08.419+05:30&amp#27;[0;39m &amp#27;[32mDEBUG&amp#27;[0;39m &amp#27;[35m21692&amp#27;[0;39m &amp#27;[2m---&amp#27;[0;39m &amp#27;[2m[user-management-back-end] [           main]&amp#27;[0;39m &amp#27;[2m&amp#27;[0;39m&amp#27;[36morg.hibernate.type.BasicTypeRegistry    &amp#27;[0;39m &amp#27;[2m:&amp#27;[0;39m Adding type registration ZonedDateTime -> basicType@3(java.time.ZonedDateTime,3003)
&amp#27;[2m2025-02-09T18:13:08.419+05:30&amp#27;[0;39m &amp#27;[32mDEBUG&amp#27;[0;39m &amp#27;[35m21692&amp#27;[0;39m &amp#27;[2m---&amp#27;[0;39m &amp#27;[2m[user-management-back-end] [           main]&amp#27;[0;39m &amp#27;[2m&amp#27;[0;39m&amp#27;[36morg.hibernate.type.BasicTypeRegistry    &amp#27;[0;39m &amp#27;[2m:&amp#27;[0;39m Adding type registration java.time.ZonedDateTime -> basicType@3(java.time.ZonedDateTime,3003)
&amp#27;[2m2025-02-09T18:13:08.420+05:30&amp#27;[0;39m &amp#27;[32mDEBUG&amp#27;[0;39m &amp#27;[35m21692&amp#27;[0;39m &amp#27;[2m---&amp#27;[0;39m &amp#27;[2m[user-management-back-end] [           main]&amp#27;[0;39m &amp#27;[2m&amp#27;[0;39m&amp#27;[36morg.hibernate.type.BasicTypeRegistry    &amp#27;[0;39m &amp#27;[2m:&amp#27;[0;39m Adding type registration org.hibernate.type.OffsetTimeType -> basicType@4(java.time.OffsetTime,3007)
&amp#27;[2m2025-02-09T18:13:08.420+05:30&amp#27;[0;39m &amp#27;[32mDEBUG&amp#27;[0;39m &amp#27;[35m21692&amp#27;[0;39m &amp#27;[2m---&amp#27;[0;39m &amp#27;[2m[user-management-back-end] [           main]&amp#27;[0;39m &amp#27;[2m&amp#27;[0;39m&amp#27;[36morg.hibernate.type.BasicTypeRegistry    &amp#27;[0;39m &amp#27;[2m:&amp#27;[0;39m Adding type registration OffsetTime -> basicType@4(java.time.OffsetTime,3007)
&amp#27;[2m2025-02-09T18:13:08.421+05:30&amp#27;[0;39m &amp#27;[32mDEBUG&amp#27;[0;39m &amp#27;[35m21692&amp#27;[0;39m &amp#27;[2m---&amp#27;[0;39m &amp#27;[2m[user-management-back-end] [           main]&amp#27;[0;39m &amp#27;[2m&amp#27;[0;39m&amp#27;[36morg.hibernate.type.BasicTypeRegistry    &amp#27;[0;39m &amp#27;[2m:&amp#27;[0;39m Adding type registration java.time.OffsetTime -> basicType@4(java.time.OffsetTime,3007)
&amp#27;[2m2025-02-09T18:13:08.422+05:30&amp#27;[0;39m &amp#27;[32mDEBUG&amp#27;[0;39m &amp#27;[35m21692&amp#27;[0;39m &amp#27;[2m---&amp#27;[0;39m &amp#27;[2m[user-management-back-end] [           main]&amp#27;[0;39m &amp#27;[2m&amp#27;[0;39m&amp#27;[36mo.h.type.spi.TypeConfiguration$Scope    &amp#27;[0;39m &amp#27;[2m:&amp#27;[0;39m Scoping TypeConfiguration [org.hibernate.type.spi.TypeConfiguration@6e225c34] to MetadataBuildingContext [org.hibernate.boot.internal.MetadataBuildingContextRootImpl@5d84b088]
&amp#27;[2m2025-02-09T18:13:09.402+05:30&amp#27;[0;39m &amp#27;[32m INFO&amp#27;[0;39m &amp#27;[35m21692&amp#27;[0;39m &amp#27;[2m---&amp#27;[0;39m &amp#27;[2m[user-management-back-end] [           main]&amp#27;[0;39m &amp#27;[2m&amp#27;[0;39m&amp#27;[36mo.h.e.t.j.p.i.JtaPlatformInitiator      &amp#27;[0;39m &amp#27;[2m:&amp#27;[0;39m HHH000489: No JTA platform available (set 'hibernate.transaction.jta.platform' to enable JTA platform integration)
&amp#27;[2m2025-02-09T18:13:09.403+05:30&amp#27;[0;39m &amp#27;[32mDEBUG&amp#27;[0;39m &amp#27;[35m21692&amp#27;[0;39m &amp#27;[2m---&amp#27;[0;39m &amp#27;[2m[user-management-back-end] [           main]&amp#27;[0;39m &amp#27;[2m&amp#27;[0;39m&amp#27;[36mo.h.type.spi.TypeConfiguration$Scope    &amp#27;[0;39m &amp#27;[2m:&amp#27;[0;39m Scoping TypeConfiguration [org.hibernate.type.spi.TypeConfiguration@6e225c34] to SessionFactoryImplementor [org.hibernate.internal.SessionFactoryImpl@77e24d3c]
&amp#27;[2m2025-02-09T18:13:10.201+05:30&amp#27;[0;39m &amp#27;[32mTRACE&amp#27;[0;39m &amp#27;[35m21692&amp#27;[0;39m &amp#27;[2m---&amp#27;[0;39m &amp#27;[2m[user-management-back-end] [           main]&amp#27;[0;39m &amp#27;[2m&amp#27;[0;39m&amp#27;[36mo.h.type.spi.TypeConfiguration$Scope    &amp#27;[0;39m &amp#27;[2m:&amp#27;[0;39m Handling #sessionFactoryCreated from [org.hibernate.internal.SessionFactoryImpl@77e24d3c] for TypeConfiguration
&amp#27;[2m2025-02-09T18:13:10.201+05:30&amp#27;[0;39m &amp#27;[32m INFO&amp#27;[0;39m &amp#27;[35m21692&amp#27;[0;39m &amp#27;[2m---&amp#27;[0;39m &amp#27;[2m[user-management-back-end] [           main]&amp#27;[0;39m &amp#27;[2m&amp#27;[0;39m&amp#27;[36mj.LocalContainerEntityManagerFactoryBean&amp#27;[0;39m &amp#27;[2m:&amp#27;[0;39m Initialized JPA EntityManagerFactory for persistence unit 'default'
&amp#27;[2m2025-02-09T18:13:11.060+05:30&amp#27;[0;39m &amp#27;[32m INFO&amp#27;[0;39m &amp#27;[35m21692&amp#27;[0;39m &amp#27;[2m---&amp#27;[0;39m &amp#27;[2m[user-management-back-end] [           main]&amp#27;[0;39m &amp#27;[2m&amp#27;[0;39m&amp#27;[36meAuthenticationProviderManagerConfigurer&amp#27;[0;39m &amp#27;[2m:&amp#27;[0;39m Global AuthenticationManager configured with AuthenticationProvider bean with name authProvider
&amp#27;[2m2025-02-09T18:13:11.060+05:30&amp#27;[0;39m &amp#27;[33m WARN&amp#27;[0;39m &amp#27;[35m21692&amp#27;[0;39m &amp#27;[2m---&amp#27;[0;39m &amp#27;[2m[user-management-back-end] [           main]&amp#27;[0;39m &amp#27;[2m&amp#27;[0;39m&amp#27;[36mr$InitializeUserDetailsManagerConfigurer&amp#27;[0;39m &amp#27;[2m:&amp#27;[0;39m Global AuthenticationManager configured with an AuthenticationProvider bean. UserDetailsService beans will not be used for username/password login. Consider removing the AuthenticationProvider bean. Alternatively, consider using the UserDetailsService in a manually instantiated DaoAuthenticationProvider.
&amp#27;[2m2025-02-09T18:13:11.075+05:30&amp#27;[0;39m &amp#27;[32mDEBUG&amp#27;[0;39m &amp#27;[35m21692&amp#27;[0;39m &amp#27;[2m---&amp#27;[0;39m &amp#27;[2m[user-management-back-end] [           main]&amp#27;[0;39m &amp#27;[2m&amp#27;[0;39m&amp#27;[36m.PrePostAnnotationSecurityMetadataSource&amp#27;[0;39m &amp#27;[2m:&amp#27;[0;39m @org.springframework.security.access.prepost.PreAuthorize("hasRole(\'ROLE_ADMIN\')") found on specific method: public org.springframework.http.ResponseEntity com.example.user_management_backend.controller.UserController.getAlluser()
&amp#27;[2m2025-02-09T18:13:11.080+05:30&amp#27;[0;39m &amp#27;[32mDEBUG&amp#27;[0;39m &amp#27;[35m21692&amp#27;[0;39m &amp#27;[2m---&amp#27;[0;39m &amp#27;[2m[user-management-back-end] [           main]&amp#27;[0;39m &amp#27;[2m&amp#27;[0;39m&amp#27;[36mm.DelegatingMethodSecurityMetadataSource&amp#27;[0;39m &amp#27;[2m:&amp#27;[0;39m Caching method [CacheKey[com.example.user_management_backend.controller.UserController; public org.springframework.http.ResponseEntity com.example.user_management_backend.controller.UserController.getAlluser()]] with attributes [[authorize: 'hasRole('ROLE_ADMIN')', filter: 'null', filterTarget: 'null']]
&amp#27;[2m2025-02-09T18:13:11.485+05:30&amp#27;[0;39m &amp#27;[33m WARN&amp#27;[0;39m &amp#27;[35m21692&amp#27;[0;39m &amp#27;[2m---&amp#27;[0;39m &amp#27;[2m[user-management-back-end] [           main]&amp#27;[0;39m &amp#27;[2m&amp#27;[0;39m&amp#27;[36mJpaBaseConfiguration$JpaWebConfiguration&amp#27;[0;39m &amp#27;[2m:&amp#27;[0;39m spring.jpa.open-in-view is enabled by default. Therefore, database queries may be performed during view rendering. Explicitly configure spring.jpa.open-in-view to disable this warning
&amp#27;[2m2025-02-09T18:13:12.464+05:30&amp#27;[0;39m &amp#27;[32mDEBUG&amp#27;[0;39m &amp#27;[35m21692&amp#27;[0;39m &amp#27;[2m---&amp#27;[0;39m &amp#27;[2m[user-management-back-end] [           main]&amp#27;[0;39m &amp#27;[2m&amp#27;[0;39m&amp#27;[36ms.w.s.m.m.a.RequestMappingHandlerMapping&amp#27;[0;39m &amp#27;[2m:&amp#27;[0;39m 15 mappings in 'requestMappingHandlerMapping'
&amp#27;[2m2025-02-09T18:13:13.420+05:30&amp#27;[0;39m &amp#27;[32mDEBUG&amp#27;[0;39m &amp#27;[35m21692&amp#27;[0;39m &amp#27;[2m---&amp#27;[0;39m &amp#27;[2m[user-management-back-end] [           main]&amp#27;[0;39m &amp#27;[2m&amp#27;[0;39m&amp#27;[36mo.s.w.s.handler.SimpleUrlHandlerMapping &amp#27;[0;39m &amp#27;[2m:&amp#27;[0;39m Patterns [/webjars/**, /**, /swagger-ui*/*swagger-initializer.js, /swagger-ui*/**] in 'resourceHandlerMapping'
&amp#27;[2m2025-02-09T18:13:13.900+05:30&amp#27;[0;39m &amp#27;[32m INFO&amp#27;[0;39m &amp#27;[35m21692&amp#27;[0;39m &amp#27;[2m---&amp#27;[0;39m &amp#27;[2m[user-management-back-end] [           main]&amp#27;[0;39m &amp#27;[2m&amp#27;[0;39m&amp#27;[36mo.s.b.a.e.web.EndpointLinksResolver     &amp#27;[0;39m &amp#27;[2m:&amp#27;[0;39m Exposing 1 endpoint beneath base path '/actuator'
&amp#27;[2m2025-02-09T18:13:14.203+05:30&amp#27;[0;39m &amp#27;[32mDEBUG&amp#27;[0;39m &amp#27;[35m21692&amp#27;[0;39m &amp#27;[2m---&amp#27;[0;39m &amp#27;[2m[user-management-back-end] [           main]&amp#27;[0;39m &amp#27;[2m&amp#27;[0;39m&amp#27;[36mo.s.s.web.DefaultSecurityFilterChain    &amp#27;[0;39m &amp#27;[2m:&amp#27;[0;39m Will secure any request with filters: DisableEncodeUrlFilter, WebAsyncManagerIntegrationFilter, SecurityContextHolderFilter, HeaderWriterFilter, CorsFilter, LogoutFilter, JwtFilter, RequestCacheAwareFilter, SecurityContextHolderAwareRequestFilter, AnonymousAuthenticationFilter, SessionManagementFilter, ExceptionTranslationFilter, AuthorizationFilter
&amp#27;[2m2025-02-09T18:13:15.170+05:30&amp#27;[0;39m &amp#27;[32mDEBUG&amp#27;[0;39m &amp#27;[35m21692&amp#27;[0;39m &amp#27;[2m---&amp#27;[0;39m &amp#27;[2m[user-management-back-end] [           main]&amp#27;[0;39m &amp#27;[2m&amp#27;[0;39m&amp#27;[36ms.w.s.m.m.a.RequestMappingHandlerAdapter&amp#27;[0;39m &amp#27;[2m:&amp#27;[0;39m ControllerAdvice beans: 0 @ModelAttribute, 0 @InitBinder, 1 RequestBodyAdvice, 1 ResponseBodyAdvice
&amp#27;[2m2025-02-09T18:13:15.320+05:30&amp#27;[0;39m &amp#27;[32mDEBUG&amp#27;[0;39m &amp#27;[35m21692&amp#27;[0;39m &amp#27;[2m---&amp#27;[0;39m &amp#27;[2m[user-management-back-end] [           main]&amp#27;[0;39m &amp#27;[2m&amp#27;[0;39m&amp#27;[36m.m.m.a.ExceptionHandlerExceptionResolver&amp#27;[0;39m &amp#27;[2m:&amp#27;[0;39m ControllerAdvice beans: 2 @ExceptionHandler, 1 ResponseBodyAdvice
&amp#27;[2m2025-02-09T18:13:16.694+05:30&amp#27;[0;39m &amp#27;[32m INFO&amp#27;[0;39m &amp#27;[35m21692&amp#27;[0;39m &amp#27;[2m---&amp#27;[0;39m &amp#27;[2m[user-management-back-end] [           main]&amp#27;[0;39m &amp#27;[2m&amp#27;[0;39m&amp#27;[36m.u.UserManagementBackEndApplicationTests&amp#27;[0;39m &amp#27;[2m:&amp#27;[0;39m Started UserManagementBackEndApplicationTests in 21.16 seconds (process running for 23.565)
&amp#27;[2m2025-02-09T18:13:17.498+05:30&amp#27;[0;39m &amp#27;[32mDEBUG&amp#27;[0;39m &amp#27;[35m21692&amp#27;[0;39m &amp#27;[2m---&amp#27;[0;39m &amp#27;[2m[user-management-back-end] [   scheduling-1]&amp#27;[0;39m &amp#27;[2m&amp#27;[0;39m&amp#27;[36morg.hibernate.SQL                       &amp#27;[0;39m &amp#27;[2m:&amp#27;[0;39m select o1_0.id,o1_0.email,o1_0.expiry_time,o1_0.otp from otp o1_0 where o1_0.expiry_time<?
Hibernate: select o1_0.id,o1_0.email,o1_0.expiry_time,o1_0.otp from otp o1_0 where o1_0.expiry_time<?
]]></system-out>
    <system-err><![CDATA[WARNING: A Java agent has been loaded dynamically (C:\Users\10822332\.m2\repository\net\bytebuddy\byte-buddy-agent\1.14.19\byte-buddy-agent-1.14.19.jar)
WARNING: If a serviceability tool is in use, please run with -XX:+EnableDynamicAgentLoading to hide this warning
WARNING: If a serviceability tool is not in use, please run with -Djdk.instrument.traceUsage for more information
WARNING: Dynamic loading of agents will be disallowed by default in a future release
]]></system-err>
  </testcase>
</testsuite>